{"/Users/nicobailon/Documents/development/pastemax-ultra/src/App.tsx": {"path":"/Users/nicobailon/Documents/development/pastemax-ultra/src/App.tsx","statementMap":{"0":{"start":{"line":1,"column":0},"end":{"line":1,"column":59}},"1":{"start":{"line":2,"column":0},"end":{"line":2,"column":43}},"2":{"start":{"line":3,"column":0},"end":{"line":3,"column":45}},"3":{"start":{"line":4,"column":0},"end":{"line":4,"column":49}},"4":{"start":{"line":6,"column":0},"end":{"line":6,"column":55}},"5":{"start":{"line":7,"column":0},"end":{"line":7,"column":51}},"6":{"start":{"line":8,"column":0},"end":{"line":8,"column":57}},"7":{"start":{"line":9,"column":0},"end":{"line":9,"column":67}},"8":{"start":{"line":10,"column":0},"end":{"line":10,"column":101}},"9":{"start":{"line":11,"column":0},"end":{"line":11,"column":67}},"10":{"start":{"line":30,"column":21},"end":{"line":37,"column":2}},"11":{"start":{"line":39,"column":12},"end":{"line":651,"column":1}},"12":{"start":{"line":41,"column":22},"end":{"line":41,"column":72}},"13":{"start":{"line":42,"column":21},"end":{"line":42,"column":70}},"14":{"start":{"line":43,"column":25},"end":{"line":43,"column":70}},"15":{"start":{"line":44,"column":26},"end":{"line":44,"column":72}},"16":{"start":{"line":46,"column":46},"end":{"line":47,"column":null}},"17":{"start":{"line":49,"column":34},"end":{"line":49,"column":60}},"18":{"start":{"line":50,"column":44},"end":{"line":51,"column":null}},"19":{"start":{"line":53,"column":36},"end":{"line":54,"column":null}},"20":{"start":{"line":56,"column":38},"end":{"line":56,"column":69}},"21":{"start":{"line":57,"column":44},"end":{"line":58,"column":null}},"22":{"start":{"line":60,"column":46},"end":{"line":60,"column":72}},"23":{"start":{"line":61,"column":50},"end":{"line":65,"column":null}},"24":{"start":{"line":68,"column":28},"end":{"line":68,"column":77}},"25":{"start":{"line":69,"column":37},"end":{"line":69,"column":92}},"26":{"start":{"line":70,"column":36},"end":{"line":72,"column":12}},"27":{"start":{"line":73,"column":42},"end":{"line":73,"column":63}},"28":{"start":{"line":76,"column":60},"end":{"line":76,"column":75}},"29":{"start":{"line":79,"column":50},"end":{"line":79,"column":65}},"30":{"start":{"line":82,"column":21},"end":{"line":82,"column":50}},"31":{"start":{"line":85,"column":2},"end":{"line":96,"column":9}},"32":{"start":{"line":86,"column":31},"end":{"line":87,"column":null}},"33":{"start":{"line":89,"column":4},"end":{"line":95,"column":5}},"34":{"start":{"line":90,"column":6},"end":{"line":94,"column":7}},"35":{"start":{"line":91,"column":8},"end":{"line":91,"column":57}},"36":{"start":{"line":93,"column":8},"end":{"line":93,"column":68}},"37":{"start":{"line":99,"column":2},"end":{"line":105,"column":23}},"38":{"start":{"line":100,"column":4},"end":{"line":104,"column":5}},"39":{"start":{"line":101,"column":6},"end":{"line":101,"column":73}},"40":{"start":{"line":103,"column":6},"end":{"line":103,"column":60}},"41":{"start":{"line":108,"column":2},"end":{"line":113,"column":22}},"42":{"start":{"line":109,"column":4},"end":{"line":112,"column":6}},"43":{"start":{"line":116,"column":2},"end":{"line":118,"column":18}},"44":{"start":{"line":117,"column":4},"end":{"line":117,"column":61}},"45":{"start":{"line":121,"column":2},"end":{"line":123,"column":19}},"46":{"start":{"line":122,"column":4},"end":{"line":122,"column":63}},"47":{"start":{"line":126,"column":2},"end":{"line":128,"column":21}},"48":{"start":{"line":127,"column":4},"end":{"line":127,"column":68}},"49":{"start":{"line":131,"column":2},"end":{"line":147,"column":35}},"50":{"start":{"line":132,"column":4},"end":{"line":132,"column":47}},"51":{"start":{"line":132,"column":40},"end":{"line":132,"column":47}},"52":{"start":{"line":135,"column":33},"end":{"line":135,"column":79}},"53":{"start":{"line":136,"column":4},"end":{"line":136,"column":48}},"54":{"start":{"line":136,"column":41},"end":{"line":136,"column":48}},"55":{"start":{"line":138,"column":4},"end":{"line":138,"column":68}},"56":{"start":{"line":139,"column":4},"end":{"line":142,"column":7}},"57":{"start":{"line":143,"column":4},"end":{"line":143,"column":74}},"58":{"start":{"line":146,"column":4},"end":{"line":146,"column":59}},"59":{"start":{"line":152,"column":2},"end":{"line":230,"column":42}},"60":{"start":{"line":153,"column":4},"end":{"line":156,"column":5}},"61":{"start":{"line":154,"column":6},"end":{"line":154,"column":58}},"62":{"start":{"line":155,"column":6},"end":{"line":155,"column":13}},"63":{"start":{"line":158,"column":33},"end":{"line":177,"column":5}},"64":{"start":{"line":160,"column":6},"end":{"line":176,"column":7}},"65":{"start":{"line":161,"column":8},"end":{"line":161,"column":52}},"66":{"start":{"line":162,"column":8},"end":{"line":162,"column":38}},"67":{"start":{"line":164,"column":8},"end":{"line":164,"column":29}},"68":{"start":{"line":165,"column":8},"end":{"line":168,"column":11}},"69":{"start":{"line":169,"column":8},"end":{"line":169,"column":74}},"70":{"start":{"line":171,"column":8},"end":{"line":171,"column":67}},"71":{"start":{"line":172,"column":8},"end":{"line":175,"column":11}},"72":{"start":{"line":179,"column":31},"end":{"line":199,"column":5}},"73":{"start":{"line":180,"column":6},"end":{"line":180,"column":69}},"74":{"start":{"line":181,"column":6},"end":{"line":181,"column":25}},"75":{"start":{"line":182,"column":6},"end":{"line":185,"column":9}},"76":{"start":{"line":188,"column":6},"end":{"line":188,"column":56}},"77":{"start":{"line":191,"column":30},"end":{"line":196,"column":43}},"78":{"start":{"line":194,"column":12},"end":{"line":194,"column":72}},"79":{"start":{"line":196,"column":33},"end":{"line":196,"column":42}},"80":{"start":{"line":198,"column":6},"end":{"line":198,"column":40}},"81":{"start":{"line":201,"column":35},"end":{"line":207,"column":5}},"82":{"start":{"line":205,"column":6},"end":{"line":205,"column":48}},"83":{"start":{"line":206,"column":6},"end":{"line":206,"column":34}},"84":{"start":{"line":209,"column":4},"end":{"line":209,"column":76}},"85":{"start":{"line":210,"column":4},"end":{"line":210,"column":73}},"86":{"start":{"line":211,"column":4},"end":{"line":214,"column":6}},"87":{"start":{"line":216,"column":4},"end":{"line":229,"column":6}},"88":{"start":{"line":217,"column":6},"end":{"line":220,"column":8}},"89":{"start":{"line":221,"column":6},"end":{"line":224,"column":8}},"90":{"start":{"line":225,"column":6},"end":{"line":228,"column":8}},"91":{"start":{"line":232,"column":21},"end":{"line":240,"column":3}},"92":{"start":{"line":233,"column":4},"end":{"line":239,"column":5}},"93":{"start":{"line":234,"column":6},"end":{"line":234,"column":43}},"94":{"start":{"line":235,"column":6},"end":{"line":235,"column":77}},"95":{"start":{"line":236,"column":6},"end":{"line":236,"column":54}},"96":{"start":{"line":238,"column":6},"end":{"line":238,"column":64}},"97":{"start":{"line":243,"column":30},"end":{"line":277,"column":3}},"98":{"start":{"line":248,"column":19},"end":{"line":248,"column":24}},"99":{"start":{"line":251,"column":4},"end":{"line":258,"column":5}},"100":{"start":{"line":252,"column":26},"end":{"line":252,"column":46}},"101":{"start":{"line":253,"column":6},"end":{"line":257,"column":8}},"102":{"start":{"line":255,"column":10},"end":{"line":256,"column":55}},"103":{"start":{"line":261,"column":31},"end":{"line":261,"column":46}},"104":{"start":{"line":262,"column":19},"end":{"line":274,"column":6}},"105":{"start":{"line":263,"column":23},"end":{"line":263,"column":24}},"106":{"start":{"line":265,"column":6},"end":{"line":271,"column":7}},"107":{"start":{"line":266,"column":8},"end":{"line":266,"column":50}},"108":{"start":{"line":267,"column":13},"end":{"line":271,"column":7}},"109":{"start":{"line":268,"column":8},"end":{"line":268,"column":49}},"110":{"start":{"line":269,"column":13},"end":{"line":271,"column":7}},"111":{"start":{"line":270,"column":8},"end":{"line":270,"column":37}},"112":{"start":{"line":273,"column":6},"end":{"line":273,"column":58}},"113":{"start":{"line":276,"column":4},"end":{"line":276,"column":30}},"114":{"start":{"line":280,"column":30},"end":{"line":288,"column":3}},"115":{"start":{"line":281,"column":4},"end":{"line":287,"column":7}},"116":{"start":{"line":282,"column":6},"end":{"line":286,"column":7}},"117":{"start":{"line":283,"column":8},"end":{"line":283,"column":64}},"118":{"start":{"line":283,"column":45},"end":{"line":283,"column":62}},"119":{"start":{"line":285,"column":8},"end":{"line":285,"column":35}},"120":{"start":{"line":291,"column":32},"end":{"line":318,"column":3}},"121":{"start":{"line":292,"column":26},"end":{"line":294,"column":null}},"122":{"start":{"line":294,"column":8},"end":{"line":294,"column":77}},"123":{"start":{"line":297,"column":4},"end":{"line":317,"column":5}},"124":{"start":{"line":299,"column":24},"end":{"line":299,"column":72}},"125":{"start":{"line":299,"column":62},"end":{"line":299,"column":71}},"126":{"start":{"line":300,"column":6},"end":{"line":308,"column":9}},"127":{"start":{"line":301,"column":29},"end":{"line":301,"column":38}},"128":{"start":{"line":302,"column":8},"end":{"line":306,"column":11}},"129":{"start":{"line":303,"column":10},"end":{"line":305,"column":11}},"130":{"start":{"line":304,"column":12},"end":{"line":304,"column":36}},"131":{"start":{"line":307,"column":8},"end":{"line":307,"column":28}},"132":{"start":{"line":311,"column":6},"end":{"line":316,"column":8}},"133":{"start":{"line":312,"column":8},"end":{"line":314,"column":null}},"134":{"start":{"line":314,"column":12},"end":{"line":314,"column":71}},"135":{"start":{"line":314,"column":52},"end":{"line":314,"column":70}},"136":{"start":{"line":321,"column":27},"end":{"line":325,"column":3}},"137":{"start":{"line":322,"column":4},"end":{"line":322,"column":26}},"138":{"start":{"line":323,"column":4},"end":{"line":323,"column":55}},"139":{"start":{"line":324,"column":4},"end":{"line":324,"column":31}},"140":{"start":{"line":328,"column":29},"end":{"line":331,"column":3}},"141":{"start":{"line":329,"column":4},"end":{"line":329,"column":29}},"142":{"start":{"line":330,"column":4},"end":{"line":330,"column":56}},"143":{"start":{"line":334,"column":29},"end":{"line":336,"column":3}},"144":{"start":{"line":335,"column":4},"end":{"line":335,"column":43}},"145":{"start":{"line":339,"column":31},"end":{"line":344,"column":3}},"146":{"start":{"line":340,"column":4},"end":{"line":343,"column":10}},"147":{"start":{"line":341,"column":19},"end":{"line":341,"column":66}},"148":{"start":{"line":341,"column":50},"end":{"line":341,"column":65}},"149":{"start":{"line":342,"column":6},"end":{"line":342,"column":50}},"150":{"start":{"line":347,"column":34},"end":{"line":462,"column":3}},"151":{"start":{"line":349,"column":31},"end":{"line":349,"column":51}},"152":{"start":{"line":350,"column":27},"end":{"line":364,"column":8}},"153":{"start":{"line":351,"column":34},"end":{"line":351,"column":67}},"154":{"start":{"line":353,"column":25},"end":{"line":353,"column":26}},"155":{"start":{"line":355,"column":8},"end":{"line":361,"column":9}},"156":{"start":{"line":356,"column":10},"end":{"line":356,"column":52}},"157":{"start":{"line":357,"column":15},"end":{"line":361,"column":9}},"158":{"start":{"line":358,"column":10},"end":{"line":358,"column":51}},"159":{"start":{"line":359,"column":15},"end":{"line":361,"column":9}},"160":{"start":{"line":360,"column":10},"end":{"line":360,"column":39}},"161":{"start":{"line":363,"column":8},"end":{"line":363,"column":60}},"162":{"start":{"line":366,"column":4},"end":{"line":368,"column":5}},"163":{"start":{"line":367,"column":6},"end":{"line":367,"column":34}},"164":{"start":{"line":371,"column":29},"end":{"line":371,"column":43}},"165":{"start":{"line":374,"column":4},"end":{"line":394,"column":5}},"166":{"start":{"line":375,"column":64},"end":{"line":375,"column":66}},"167":{"start":{"line":377,"column":6},"end":{"line":390,"column":7}},"168":{"start":{"line":379,"column":8},"end":{"line":379,"column":100}},"169":{"start":{"line":379,"column":64},"end":{"line":379,"column":97}},"170":{"start":{"line":380,"column":13},"end":{"line":390,"column":7}},"171":{"start":{"line":382,"column":24},"end":{"line":382,"column":67}},"172":{"start":{"line":383,"column":8},"end":{"line":386,"column":10}},"173":{"start":{"line":384,"column":33},"end":{"line":384,"column":61}},"174":{"start":{"line":385,"column":53},"end":{"line":385,"column":86}},"175":{"start":{"line":387,"column":13},"end":{"line":390,"column":7}},"176":{"start":{"line":389,"column":8},"end":{"line":389,"column":94}},"177":{"start":{"line":389,"column":58},"end":{"line":389,"column":91}},"178":{"start":{"line":392,"column":24},"end":{"line":392,"column":76}},"179":{"start":{"line":393,"column":6},"end":{"line":393,"column":91}},"180":{"start":{"line":396,"column":4},"end":{"line":456,"column":7}},"181":{"start":{"line":398,"column":33},"end":{"line":398,"column":62}},"182":{"start":{"line":399,"column":33},"end":{"line":399,"column":108}},"183":{"start":{"line":402,"column":25},"end":{"line":402,"column":34}},"184":{"start":{"line":403,"column":6},"end":{"line":405,"column":7}},"185":{"start":{"line":404,"column":8},"end":{"line":404,"column":83}},"186":{"start":{"line":408,"column":24},"end":{"line":408,"column":56}},"187":{"start":{"line":411,"column":31},"end":{"line":411,"column":40}},"188":{"start":{"line":413,"column":6},"end":{"line":452,"column":69}},"189":{"start":{"line":413,"column":30},"end":{"line":413,"column":64}},"190":{"start":{"line":414,"column":11},"end":{"line":452,"column":69}},"191":{"start":{"line":414,"column":35},"end":{"line":414,"column":69}},"192":{"start":{"line":415,"column":11},"end":{"line":452,"column":69}},"193":{"start":{"line":415,"column":36},"end":{"line":415,"column":63}},"194":{"start":{"line":416,"column":11},"end":{"line":452,"column":69}},"195":{"start":{"line":416,"column":36},"end":{"line":416,"column":63}},"196":{"start":{"line":417,"column":11},"end":{"line":452,"column":69}},"197":{"start":{"line":417,"column":36},"end":{"line":417,"column":63}},"198":{"start":{"line":418,"column":11},"end":{"line":452,"column":69}},"199":{"start":{"line":418,"column":61},"end":{"line":418,"column":89}},"200":{"start":{"line":419,"column":11},"end":{"line":452,"column":69}},"201":{"start":{"line":419,"column":37},"end":{"line":419,"column":65}},"202":{"start":{"line":420,"column":11},"end":{"line":452,"column":69}},"203":{"start":{"line":420,"column":37},"end":{"line":420,"column":65}},"204":{"start":{"line":421,"column":11},"end":{"line":452,"column":69}},"205":{"start":{"line":421,"column":37},"end":{"line":421,"column":65}},"206":{"start":{"line":422,"column":11},"end":{"line":452,"column":69}},"207":{"start":{"line":422,"column":35},"end":{"line":422,"column":67}},"208":{"start":{"line":423,"column":11},"end":{"line":452,"column":69}},"209":{"start":{"line":423,"column":36},"end":{"line":423,"column":63}},"210":{"start":{"line":424,"column":11},"end":{"line":452,"column":69}},"211":{"start":{"line":424,"column":36},"end":{"line":424,"column":63}},"212":{"start":{"line":427,"column":11},"end":{"line":452,"column":69}},"213":{"start":{"line":427,"column":35},"end":{"line":427,"column":65}},"214":{"start":{"line":428,"column":11},"end":{"line":452,"column":69}},"215":{"start":{"line":428,"column":35},"end":{"line":428,"column":63}},"216":{"start":{"line":429,"column":11},"end":{"line":452,"column":69}},"217":{"start":{"line":429,"column":36},"end":{"line":429,"column":63}},"218":{"start":{"line":430,"column":11},"end":{"line":452,"column":69}},"219":{"start":{"line":430,"column":37},"end":{"line":430,"column":65}},"220":{"start":{"line":431,"column":11},"end":{"line":452,"column":69}},"221":{"start":{"line":431,"column":35},"end":{"line":431,"column":65}},"222":{"start":{"line":432,"column":11},"end":{"line":452,"column":69}},"223":{"start":{"line":432,"column":35},"end":{"line":432,"column":61}},"224":{"start":{"line":433,"column":11},"end":{"line":452,"column":69}},"225":{"start":{"line":433,"column":35},"end":{"line":433,"column":63}},"226":{"start":{"line":434,"column":11},"end":{"line":452,"column":69}},"227":{"start":{"line":434,"column":38},"end":{"line":434,"column":67}},"228":{"start":{"line":435,"column":11},"end":{"line":452,"column":69}},"229":{"start":{"line":435,"column":58},"end":{"line":435,"column":88}},"230":{"start":{"line":436,"column":11},"end":{"line":452,"column":69}},"231":{"start":{"line":436,"column":55},"end":{"line":436,"column":80}},"232":{"start":{"line":437,"column":11},"end":{"line":452,"column":69}},"233":{"start":{"line":437,"column":104},"end":{"line":437,"column":131}},"234":{"start":{"line":440,"column":11},"end":{"line":452,"column":69}},"235":{"start":{"line":440,"column":59},"end":{"line":440,"column":87}},"236":{"start":{"line":441,"column":11},"end":{"line":452,"column":69}},"237":{"start":{"line":441,"column":36},"end":{"line":441,"column":70}},"238":{"start":{"line":442,"column":11},"end":{"line":452,"column":69}},"239":{"start":{"line":442,"column":59},"end":{"line":442,"column":88}},"240":{"start":{"line":443,"column":11},"end":{"line":452,"column":69}},"241":{"start":{"line":443,"column":60},"end":{"line":443,"column":88}},"242":{"start":{"line":444,"column":11},"end":{"line":452,"column":69}},"243":{"start":{"line":444,"column":37},"end":{"line":444,"column":65}},"244":{"start":{"line":445,"column":11},"end":{"line":452,"column":69}},"245":{"start":{"line":445,"column":36},"end":{"line":445,"column":63}},"246":{"start":{"line":446,"column":11},"end":{"line":452,"column":69}},"247":{"start":{"line":446,"column":93},"end":{"line":446,"column":127}},"248":{"start":{"line":449,"column":11},"end":{"line":452,"column":69}},"249":{"start":{"line":449,"column":36},"end":{"line":449,"column":63}},"250":{"start":{"line":452,"column":11},"end":{"line":452,"column":69}},"251":{"start":{"line":452,"column":36},"end":{"line":452,"column":69}},"252":{"start":{"line":455,"column":6},"end":{"line":455,"column":110}},"253":{"start":{"line":459,"column":4},"end":{"line":459,"column":40}},"254":{"start":{"line":461,"column":4},"end":{"line":461,"column":30}},"255":{"start":{"line":465,"column":25},"end":{"line":479,"column":3}},"256":{"start":{"line":466,"column":28},"end":{"line":468,"column":41}},"257":{"start":{"line":467,"column":34},"end":{"line":467,"column":67}},"258":{"start":{"line":468,"column":31},"end":{"line":468,"column":40}},"259":{"start":{"line":470,"column":4},"end":{"line":478,"column":7}},"260":{"start":{"line":471,"column":27},"end":{"line":471,"column":36}},"261":{"start":{"line":472,"column":6},"end":{"line":476,"column":9}},"262":{"start":{"line":473,"column":8},"end":{"line":475,"column":9}},"263":{"start":{"line":474,"column":10},"end":{"line":474,"column":34}},"264":{"start":{"line":477,"column":6},"end":{"line":477,"column":26}},"265":{"start":{"line":482,"column":27},"end":{"line":487,"column":3}},"266":{"start":{"line":483,"column":27},"end":{"line":483,"column":76}},"267":{"start":{"line":483,"column":66},"end":{"line":483,"column":75}},"268":{"start":{"line":484,"column":4},"end":{"line":486,"column":6}},"269":{"start":{"line":485,"column":6},"end":{"line":485,"column":67}},"270":{"start":{"line":485,"column":36},"end":{"line":485,"column":66}},"271":{"start":{"line":490,"column":22},"end":{"line":495,"column":4}},"272":{"start":{"line":498,"column":25},"end":{"line":513,"column":3}},"273":{"start":{"line":499,"column":4},"end":{"line":512,"column":7}},"274":{"start":{"line":500,"column":23},"end":{"line":503,"column":8}},"275":{"start":{"line":506,"column":6},"end":{"line":509,"column":8}},"276":{"start":{"line":511,"column":6},"end":{"line":511,"column":22}},"277":{"start":{"line":515,"column":2},"end":{"line":650,"column":4}},"278":{"start":{"line":538,"column":33},"end":{"line":538,"column":63}},"279":{"start":{"line":584,"column":49},"end":{"line":584,"column":72}},"280":{"start":{"line":590,"column":26},"end":{"line":591,"column":null}},"281":{"start":{"line":595,"column":43},"end":{"line":595,"column":73}},"282":{"start":{"line":645,"column":27},"end":{"line":645,"column":58}},"283":{"start":{"line":653,"column":0},"end":{"line":653,"column":19}}},"fnMap":{"0":{"name":"(anonymous_1)","decl":{"start":{"line":39,"column":12},"end":{"line":39,"column":15}},"loc":{"start":{"line":39,"column":17},"end":{"line":651,"column":1}}},"1":{"name":"(anonymous_2)","decl":{"start":{"line":85,"column":12},"end":{"line":85,"column":15}},"loc":{"start":{"line":85,"column":17},"end":{"line":96,"column":3}}},"2":{"name":"(anonymous_3)","decl":{"start":{"line":99,"column":12},"end":{"line":99,"column":15}},"loc":{"start":{"line":99,"column":17},"end":{"line":105,"column":3}}},"3":{"name":"(anonymous_4)","decl":{"start":{"line":108,"column":12},"end":{"line":108,"column":15}},"loc":{"start":{"line":108,"column":17},"end":{"line":113,"column":3}}},"4":{"name":"(anonymous_5)","decl":{"start":{"line":116,"column":12},"end":{"line":116,"column":15}},"loc":{"start":{"line":116,"column":17},"end":{"line":118,"column":3}}},"5":{"name":"(anonymous_6)","decl":{"start":{"line":121,"column":12},"end":{"line":121,"column":15}},"loc":{"start":{"line":121,"column":17},"end":{"line":123,"column":3}}},"6":{"name":"(anonymous_7)","decl":{"start":{"line":126,"column":12},"end":{"line":126,"column":15}},"loc":{"start":{"line":126,"column":17},"end":{"line":128,"column":3}}},"7":{"name":"(anonymous_8)","decl":{"start":{"line":131,"column":12},"end":{"line":131,"column":15}},"loc":{"start":{"line":131,"column":17},"end":{"line":147,"column":3}}},"8":{"name":"(anonymous_9)","decl":{"start":{"line":152,"column":12},"end":{"line":152,"column":15}},"loc":{"start":{"line":152,"column":17},"end":{"line":230,"column":3}}},"9":{"name":"(anonymous_10)","decl":{"start":{"line":158,"column":33},"end":{"line":158,"column":34}},"loc":{"start":{"line":158,"column":56},"end":{"line":177,"column":5}}},"10":{"name":"(anonymous_11)","decl":{"start":{"line":179,"column":31},"end":{"line":179,"column":32}},"loc":{"start":{"line":179,"column":53},"end":{"line":199,"column":5}}},"11":{"name":"(anonymous_12)","decl":{"start":{"line":193,"column":10},"end":{"line":193,"column":11}},"loc":{"start":{"line":194,"column":12},"end":{"line":194,"column":72}}},"12":{"name":"(anonymous_13)","decl":{"start":{"line":196,"column":13},"end":{"line":196,"column":14}},"loc":{"start":{"line":196,"column":33},"end":{"line":196,"column":42}}},"13":{"name":"(anonymous_14)","decl":{"start":{"line":201,"column":35},"end":{"line":201,"column":36}},"loc":{"start":{"line":204,"column":9},"end":{"line":207,"column":5}}},"14":{"name":"(anonymous_15)","decl":{"start":{"line":216,"column":11},"end":{"line":216,"column":14}},"loc":{"start":{"line":216,"column":16},"end":{"line":229,"column":5}}},"15":{"name":"(anonymous_16)","decl":{"start":{"line":232,"column":21},"end":{"line":232,"column":24}},"loc":{"start":{"line":232,"column":26},"end":{"line":240,"column":3}}},"16":{"name":"(anonymous_17)","decl":{"start":{"line":243,"column":30},"end":{"line":243,"column":null}},"loc":{"start":{"line":247,"column":6},"end":{"line":277,"column":3}}},"17":{"name":"(anonymous_18)","decl":{"start":{"line":254,"column":8},"end":{"line":254,"column":9}},"loc":{"start":{"line":255,"column":10},"end":{"line":256,"column":55}}},"18":{"name":"(anonymous_19)","decl":{"start":{"line":262,"column":38},"end":{"line":262,"column":39}},"loc":{"start":{"line":262,"column":47},"end":{"line":274,"column":5}}},"19":{"name":"(anonymous_20)","decl":{"start":{"line":280,"column":30},"end":{"line":280,"column":31}},"loc":{"start":{"line":280,"column":51},"end":{"line":288,"column":3}}},"20":{"name":"(anonymous_21)","decl":{"start":{"line":281,"column":21},"end":{"line":281,"column":22}},"loc":{"start":{"line":281,"column":40},"end":{"line":287,"column":5}}},"21":{"name":"(anonymous_22)","decl":{"start":{"line":283,"column":27},"end":{"line":283,"column":28}},"loc":{"start":{"line":283,"column":45},"end":{"line":283,"column":62}}},"22":{"name":"(anonymous_23)","decl":{"start":{"line":291,"column":32},"end":{"line":291,"column":33}},"loc":{"start":{"line":291,"column":76},"end":{"line":318,"column":3}}},"23":{"name":"(anonymous_24)","decl":{"start":{"line":293,"column":6},"end":{"line":293,"column":7}},"loc":{"start":{"line":294,"column":8},"end":{"line":294,"column":77}}},"24":{"name":"(anonymous_25)","decl":{"start":{"line":299,"column":42},"end":{"line":299,"column":43}},"loc":{"start":{"line":299,"column":62},"end":{"line":299,"column":71}}},"25":{"name":"(anonymous_26)","decl":{"start":{"line":300,"column":23},"end":{"line":300,"column":24}},"loc":{"start":{"line":300,"column":42},"end":{"line":308,"column":7}}},"26":{"name":"(anonymous_27)","decl":{"start":{"line":302,"column":26},"end":{"line":302,"column":27}},"loc":{"start":{"line":302,"column":43},"end":{"line":306,"column":9}}},"27":{"name":"(anonymous_28)","decl":{"start":{"line":311,"column":23},"end":{"line":311,"column":24}},"loc":{"start":{"line":312,"column":8},"end":{"line":314,"column":null}}},"28":{"name":"(anonymous_29)","decl":{"start":{"line":313,"column":10},"end":{"line":313,"column":11}},"loc":{"start":{"line":314,"column":12},"end":{"line":314,"column":71}}},"29":{"name":"(anonymous_30)","decl":{"start":{"line":314,"column":32},"end":{"line":314,"column":33}},"loc":{"start":{"line":314,"column":52},"end":{"line":314,"column":70}}},"30":{"name":"(anonymous_31)","decl":{"start":{"line":321,"column":27},"end":{"line":321,"column":28}},"loc":{"start":{"line":321,"column":47},"end":{"line":325,"column":3}}},"31":{"name":"(anonymous_32)","decl":{"start":{"line":328,"column":29},"end":{"line":328,"column":30}},"loc":{"start":{"line":328,"column":51},"end":{"line":331,"column":3}}},"32":{"name":"(anonymous_33)","decl":{"start":{"line":334,"column":29},"end":{"line":334,"column":32}},"loc":{"start":{"line":334,"column":34},"end":{"line":336,"column":3}}},"33":{"name":"(anonymous_34)","decl":{"start":{"line":339,"column":31},"end":{"line":339,"column":34}},"loc":{"start":{"line":339,"column":36},"end":{"line":344,"column":3}}},"34":{"name":"(anonymous_35)","decl":{"start":{"line":340,"column":32},"end":{"line":340,"column":33}},"loc":{"start":{"line":340,"column":64},"end":{"line":343,"column":5}}},"35":{"name":"(anonymous_36)","decl":{"start":{"line":341,"column":33},"end":{"line":341,"column":34}},"loc":{"start":{"line":341,"column":50},"end":{"line":341,"column":65}}},"36":{"name":"(anonymous_37)","decl":{"start":{"line":347,"column":34},"end":{"line":347,"column":37}},"loc":{"start":{"line":347,"column":39},"end":{"line":462,"column":3}}},"37":{"name":"(anonymous_38)","decl":{"start":{"line":351,"column":14},"end":{"line":351,"column":15}},"loc":{"start":{"line":351,"column":34},"end":{"line":351,"column":67}}},"38":{"name":"(anonymous_39)","decl":{"start":{"line":352,"column":12},"end":{"line":352,"column":13}},"loc":{"start":{"line":352,"column":41},"end":{"line":364,"column":7}}},"39":{"name":"(anonymous_40)","decl":{"start":{"line":379,"column":43},"end":{"line":379,"column":44}},"loc":{"start":{"line":379,"column":64},"end":{"line":379,"column":97}}},"40":{"name":"(anonymous_41)","decl":{"start":{"line":384,"column":25},"end":{"line":384,"column":28}},"loc":{"start":{"line":384,"column":33},"end":{"line":384,"column":61}}},"41":{"name":"(anonymous_42)","decl":{"start":{"line":385,"column":32},"end":{"line":385,"column":33}},"loc":{"start":{"line":385,"column":53},"end":{"line":385,"column":86}}},"42":{"name":"(anonymous_43)","decl":{"start":{"line":389,"column":37},"end":{"line":389,"column":38}},"loc":{"start":{"line":389,"column":58},"end":{"line":389,"column":91}}},"43":{"name":"(anonymous_44)","decl":{"start":{"line":396,"column":27},"end":{"line":396,"column":28}},"loc":{"start":{"line":396,"column":46},"end":{"line":456,"column":5}}},"44":{"name":"(anonymous_45)","decl":{"start":{"line":465,"column":25},"end":{"line":465,"column":28}},"loc":{"start":{"line":465,"column":30},"end":{"line":479,"column":3}}},"45":{"name":"(anonymous_46)","decl":{"start":{"line":467,"column":14},"end":{"line":467,"column":15}},"loc":{"start":{"line":467,"column":34},"end":{"line":467,"column":67}}},"46":{"name":"(anonymous_47)","decl":{"start":{"line":468,"column":11},"end":{"line":468,"column":12}},"loc":{"start":{"line":468,"column":31},"end":{"line":468,"column":40}}},"47":{"name":"(anonymous_48)","decl":{"start":{"line":470,"column":21},"end":{"line":470,"column":22}},"loc":{"start":{"line":470,"column":40},"end":{"line":478,"column":5}}},"48":{"name":"(anonymous_49)","decl":{"start":{"line":472,"column":30},"end":{"line":472,"column":31}},"loc":{"start":{"line":472,"column":47},"end":{"line":476,"column":7}}},"49":{"name":"(anonymous_50)","decl":{"start":{"line":482,"column":27},"end":{"line":482,"column":30}},"loc":{"start":{"line":482,"column":32},"end":{"line":487,"column":3}}},"50":{"name":"(anonymous_51)","decl":{"start":{"line":483,"column":46},"end":{"line":483,"column":47}},"loc":{"start":{"line":483,"column":66},"end":{"line":483,"column":75}}},"51":{"name":"(anonymous_52)","decl":{"start":{"line":484,"column":21},"end":{"line":484,"column":22}},"loc":{"start":{"line":485,"column":6},"end":{"line":485,"column":67}}},"52":{"name":"(anonymous_53)","decl":{"start":{"line":485,"column":18},"end":{"line":485,"column":19}},"loc":{"start":{"line":485,"column":36},"end":{"line":485,"column":66}}},"53":{"name":"(anonymous_54)","decl":{"start":{"line":498,"column":25},"end":{"line":498,"column":26}},"loc":{"start":{"line":498,"column":44},"end":{"line":513,"column":3}}},"54":{"name":"(anonymous_55)","decl":{"start":{"line":499,"column":21},"end":{"line":499,"column":22}},"loc":{"start":{"line":499,"column":55},"end":{"line":512,"column":5}}},"55":{"name":"(anonymous_56)","decl":{"start":{"line":538,"column":27},"end":{"line":538,"column":30}},"loc":{"start":{"line":538,"column":33},"end":{"line":538,"column":63}}},"56":{"name":"(anonymous_57)","decl":{"start":{"line":584,"column":40},"end":{"line":584,"column":41}},"loc":{"start":{"line":584,"column":49},"end":{"line":584,"column":72}}},"57":{"name":"(anonymous_58)","decl":{"start":{"line":589,"column":41},"end":{"line":589,"column":42}},"loc":{"start":{"line":590,"column":26},"end":{"line":591,"column":null}}},"58":{"name":"(anonymous_59)","decl":{"start":{"line":595,"column":37},"end":{"line":595,"column":40}},"loc":{"start":{"line":595,"column":43},"end":{"line":595,"column":73}}},"59":{"name":"(anonymous_60)","decl":{"start":{"line":645,"column":21},"end":{"line":645,"column":24}},"loc":{"start":{"line":645,"column":27},"end":{"line":645,"column":58}}}},"branchMap":{"0":{"loc":{"start":{"line":51,"column":4},"end":{"line":51,"column":56}},"type":"cond-expr","locations":[{"start":{"line":51,"column":17},"end":{"line":51,"column":39}},{"start":{"line":51,"column":42},"end":{"line":51,"column":56}}]},"1":{"loc":{"start":{"line":54,"column":4},"end":{"line":54,"column":35}},"type":"binary-expr","locations":[{"start":{"line":54,"column":4},"end":{"line":54,"column":18}},{"start":{"line":54,"column":22},"end":{"line":54,"column":35}}]},"2":{"loc":{"start":{"line":56,"column":47},"end":{"line":56,"column":68}},"type":"binary-expr","locations":[{"start":{"line":56,"column":47},"end":{"line":56,"column":62}},{"start":{"line":56,"column":66},"end":{"line":56,"column":68}}]},"3":{"loc":{"start":{"line":70,"column":36},"end":{"line":72,"column":12}},"type":"cond-expr","locations":[{"start":{"line":71,"column":7},"end":{"line":71,"column":41}},{"start":{"line":72,"column":6},"end":{"line":72,"column":12}}]},"4":{"loc":{"start":{"line":89,"column":4},"end":{"line":95,"column":5}},"type":"if","locations":[{"start":{"line":89,"column":4},"end":{"line":95,"column":5}}]},"5":{"loc":{"start":{"line":100,"column":4},"end":{"line":104,"column":5}},"type":"if","locations":[{"start":{"line":100,"column":4},"end":{"line":104,"column":5}},{"start":{"line":102,"column":11},"end":{"line":104,"column":5}}]},"6":{"loc":{"start":{"line":132,"column":4},"end":{"line":132,"column":47}},"type":"if","locations":[{"start":{"line":132,"column":4},"end":{"line":132,"column":47}}]},"7":{"loc":{"start":{"line":132,"column":8},"end":{"line":132,"column":38}},"type":"binary-expr","locations":[{"start":{"line":132,"column":8},"end":{"line":132,"column":19}},{"start":{"line":132,"column":23},"end":{"line":132,"column":38}}]},"8":{"loc":{"start":{"line":136,"column":4},"end":{"line":136,"column":48}},"type":"if","locations":[{"start":{"line":136,"column":4},"end":{"line":136,"column":48}}]},"9":{"loc":{"start":{"line":153,"column":4},"end":{"line":156,"column":5}},"type":"if","locations":[{"start":{"line":153,"column":4},"end":{"line":156,"column":5}}]},"10":{"loc":{"start":{"line":160,"column":6},"end":{"line":176,"column":7}},"type":"if","locations":[{"start":{"line":160,"column":6},"end":{"line":176,"column":7}},{"start":{"line":170,"column":13},"end":{"line":176,"column":7}}]},"11":{"loc":{"start":{"line":194,"column":12},"end":{"line":194,"column":72}},"type":"binary-expr","locations":[{"start":{"line":194,"column":12},"end":{"line":194,"column":26}},{"start":{"line":194,"column":30},"end":{"line":194,"column":45}},{"start":{"line":194,"column":49},"end":{"line":194,"column":72}}]},"12":{"loc":{"start":{"line":233,"column":4},"end":{"line":239,"column":5}},"type":"if","locations":[{"start":{"line":233,"column":4},"end":{"line":239,"column":5}},{"start":{"line":237,"column":11},"end":{"line":239,"column":5}}]},"13":{"loc":{"start":{"line":251,"column":4},"end":{"line":258,"column":5}},"type":"if","locations":[{"start":{"line":251,"column":4},"end":{"line":258,"column":5}}]},"14":{"loc":{"start":{"line":255,"column":10},"end":{"line":256,"column":55}},"type":"binary-expr","locations":[{"start":{"line":255,"column":10},"end":{"line":255,"column":55}},{"start":{"line":256,"column":10},"end":{"line":256,"column":55}}]},"15":{"loc":{"start":{"line":265,"column":6},"end":{"line":271,"column":7}},"type":"if","locations":[{"start":{"line":265,"column":6},"end":{"line":271,"column":7}},{"start":{"line":267,"column":13},"end":{"line":271,"column":7}}]},"16":{"loc":{"start":{"line":267,"column":13},"end":{"line":271,"column":7}},"type":"if","locations":[{"start":{"line":267,"column":13},"end":{"line":271,"column":7}},{"start":{"line":269,"column":13},"end":{"line":271,"column":7}}]},"17":{"loc":{"start":{"line":269,"column":13},"end":{"line":271,"column":7}},"type":"if","locations":[{"start":{"line":269,"column":13},"end":{"line":271,"column":7}}]},"18":{"loc":{"start":{"line":273,"column":13},"end":{"line":273,"column":57}},"type":"cond-expr","locations":[{"start":{"line":273,"column":33},"end":{"line":273,"column":43}},{"start":{"line":273,"column":46},"end":{"line":273,"column":57}}]},"19":{"loc":{"start":{"line":282,"column":6},"end":{"line":286,"column":7}},"type":"if","locations":[{"start":{"line":282,"column":6},"end":{"line":286,"column":7}},{"start":{"line":284,"column":13},"end":{"line":286,"column":7}}]},"20":{"loc":{"start":{"line":294,"column":8},"end":{"line":294,"column":77}},"type":"binary-expr","locations":[{"start":{"line":294,"column":8},"end":{"line":294,"column":40}},{"start":{"line":294,"column":44},"end":{"line":294,"column":58}},{"start":{"line":294,"column":62},"end":{"line":294,"column":77}}]},"21":{"loc":{"start":{"line":297,"column":4},"end":{"line":317,"column":5}},"type":"if","locations":[{"start":{"line":297,"column":4},"end":{"line":317,"column":5}},{"start":{"line":309,"column":11},"end":{"line":317,"column":5}}]},"22":{"loc":{"start":{"line":303,"column":10},"end":{"line":305,"column":11}},"type":"if","locations":[{"start":{"line":303,"column":10},"end":{"line":305,"column":11}}]},"23":{"loc":{"start":{"line":342,"column":22},"end":{"line":342,"column":48}},"type":"cond-expr","locations":[{"start":{"line":342,"column":29},"end":{"line":342,"column":44}},{"start":{"line":342,"column":47},"end":{"line":342,"column":48}}]},"24":{"loc":{"start":{"line":355,"column":8},"end":{"line":361,"column":9}},"type":"if","locations":[{"start":{"line":355,"column":8},"end":{"line":361,"column":9}},{"start":{"line":357,"column":15},"end":{"line":361,"column":9}}]},"25":{"loc":{"start":{"line":357,"column":15},"end":{"line":361,"column":9}},"type":"if","locations":[{"start":{"line":357,"column":15},"end":{"line":361,"column":9}},{"start":{"line":359,"column":15},"end":{"line":361,"column":9}}]},"26":{"loc":{"start":{"line":359,"column":15},"end":{"line":361,"column":9}},"type":"if","locations":[{"start":{"line":359,"column":15},"end":{"line":361,"column":9}}]},"27":{"loc":{"start":{"line":363,"column":15},"end":{"line":363,"column":59}},"type":"cond-expr","locations":[{"start":{"line":363,"column":35},"end":{"line":363,"column":45}},{"start":{"line":363,"column":48},"end":{"line":363,"column":59}}]},"28":{"loc":{"start":{"line":366,"column":4},"end":{"line":368,"column":5}},"type":"if","locations":[{"start":{"line":366,"column":4},"end":{"line":368,"column":5}}]},"29":{"loc":{"start":{"line":374,"column":4},"end":{"line":394,"column":5}},"type":"if","locations":[{"start":{"line":374,"column":4},"end":{"line":394,"column":5}}]},"30":{"loc":{"start":{"line":374,"column":8},"end":{"line":374,"column":49}},"type":"binary-expr","locations":[{"start":{"line":374,"column":8},"end":{"line":374,"column":31}},{"start":{"line":374,"column":35},"end":{"line":374,"column":49}}]},"31":{"loc":{"start":{"line":377,"column":6},"end":{"line":390,"column":7}},"type":"if","locations":[{"start":{"line":377,"column":6},"end":{"line":390,"column":7}},{"start":{"line":380,"column":13},"end":{"line":390,"column":7}}]},"32":{"loc":{"start":{"line":380,"column":13},"end":{"line":390,"column":7}},"type":"if","locations":[{"start":{"line":380,"column":13},"end":{"line":390,"column":7}},{"start":{"line":387,"column":13},"end":{"line":390,"column":7}}]},"33":{"loc":{"start":{"line":387,"column":13},"end":{"line":390,"column":7}},"type":"if","locations":[{"start":{"line":387,"column":13},"end":{"line":390,"column":7}}]},"34":{"loc":{"start":{"line":399,"column":33},"end":{"line":399,"column":108}},"type":"cond-expr","locations":[{"start":{"line":399,"column":50},"end":{"line":399,"column":103}},{"start":{"line":399,"column":106},"end":{"line":399,"column":108}}]},"35":{"loc":{"start":{"line":403,"column":6},"end":{"line":405,"column":7}},"type":"if","locations":[{"start":{"line":403,"column":6},"end":{"line":405,"column":7}}]},"36":{"loc":{"start":{"line":403,"column":10},"end":{"line":403,"column":87}},"type":"binary-expr","locations":[{"start":{"line":403,"column":10},"end":{"line":403,"column":28}},{"start":{"line":403,"column":32},"end":{"line":403,"column":87}}]},"37":{"loc":{"start":{"line":408,"column":24},"end":{"line":408,"column":56}},"type":"binary-expr","locations":[{"start":{"line":408,"column":24},"end":{"line":408,"column":50}},{"start":{"line":408,"column":54},"end":{"line":408,"column":56}}]},"38":{"loc":{"start":{"line":413,"column":6},"end":{"line":452,"column":69}},"type":"if","locations":[{"start":{"line":413,"column":6},"end":{"line":452,"column":69}},{"start":{"line":414,"column":11},"end":{"line":452,"column":69}}]},"39":{"loc":{"start":{"line":414,"column":11},"end":{"line":452,"column":69}},"type":"if","locations":[{"start":{"line":414,"column":11},"end":{"line":452,"column":69}},{"start":{"line":415,"column":11},"end":{"line":452,"column":69}}]},"40":{"loc":{"start":{"line":415,"column":11},"end":{"line":452,"column":69}},"type":"if","locations":[{"start":{"line":415,"column":11},"end":{"line":452,"column":69}},{"start":{"line":416,"column":11},"end":{"line":452,"column":69}}]},"41":{"loc":{"start":{"line":416,"column":11},"end":{"line":452,"column":69}},"type":"if","locations":[{"start":{"line":416,"column":11},"end":{"line":452,"column":69}},{"start":{"line":417,"column":11},"end":{"line":452,"column":69}}]},"42":{"loc":{"start":{"line":417,"column":11},"end":{"line":452,"column":69}},"type":"if","locations":[{"start":{"line":417,"column":11},"end":{"line":452,"column":69}},{"start":{"line":418,"column":11},"end":{"line":452,"column":69}}]},"43":{"loc":{"start":{"line":418,"column":11},"end":{"line":452,"column":69}},"type":"if","locations":[{"start":{"line":418,"column":11},"end":{"line":452,"column":69}},{"start":{"line":419,"column":11},"end":{"line":452,"column":69}}]},"44":{"loc":{"start":{"line":418,"column":15},"end":{"line":418,"column":59}},"type":"binary-expr","locations":[{"start":{"line":418,"column":15},"end":{"line":418,"column":35}},{"start":{"line":418,"column":39},"end":{"line":418,"column":59}}]},"45":{"loc":{"start":{"line":419,"column":11},"end":{"line":452,"column":69}},"type":"if","locations":[{"start":{"line":419,"column":11},"end":{"line":452,"column":69}},{"start":{"line":420,"column":11},"end":{"line":452,"column":69}}]},"46":{"loc":{"start":{"line":420,"column":11},"end":{"line":452,"column":69}},"type":"if","locations":[{"start":{"line":420,"column":11},"end":{"line":452,"column":69}},{"start":{"line":421,"column":11},"end":{"line":452,"column":69}}]},"47":{"loc":{"start":{"line":421,"column":11},"end":{"line":452,"column":69}},"type":"if","locations":[{"start":{"line":421,"column":11},"end":{"line":452,"column":69}},{"start":{"line":422,"column":11},"end":{"line":452,"column":69}}]},"48":{"loc":{"start":{"line":422,"column":11},"end":{"line":452,"column":69}},"type":"if","locations":[{"start":{"line":422,"column":11},"end":{"line":452,"column":69}},{"start":{"line":423,"column":11},"end":{"line":452,"column":69}}]},"49":{"loc":{"start":{"line":423,"column":11},"end":{"line":452,"column":69}},"type":"if","locations":[{"start":{"line":423,"column":11},"end":{"line":452,"column":69}},{"start":{"line":424,"column":11},"end":{"line":452,"column":69}}]},"50":{"loc":{"start":{"line":424,"column":11},"end":{"line":452,"column":69}},"type":"if","locations":[{"start":{"line":424,"column":11},"end":{"line":452,"column":69}},{"start":{"line":427,"column":11},"end":{"line":452,"column":69}}]},"51":{"loc":{"start":{"line":427,"column":11},"end":{"line":452,"column":69}},"type":"if","locations":[{"start":{"line":427,"column":11},"end":{"line":452,"column":69}},{"start":{"line":428,"column":11},"end":{"line":452,"column":69}}]},"52":{"loc":{"start":{"line":428,"column":11},"end":{"line":452,"column":69}},"type":"if","locations":[{"start":{"line":428,"column":11},"end":{"line":452,"column":69}},{"start":{"line":429,"column":11},"end":{"line":452,"column":69}}]},"53":{"loc":{"start":{"line":429,"column":11},"end":{"line":452,"column":69}},"type":"if","locations":[{"start":{"line":429,"column":11},"end":{"line":452,"column":69}},{"start":{"line":430,"column":11},"end":{"line":452,"column":69}}]},"54":{"loc":{"start":{"line":430,"column":11},"end":{"line":452,"column":69}},"type":"if","locations":[{"start":{"line":430,"column":11},"end":{"line":452,"column":69}},{"start":{"line":431,"column":11},"end":{"line":452,"column":69}}]},"55":{"loc":{"start":{"line":431,"column":11},"end":{"line":452,"column":69}},"type":"if","locations":[{"start":{"line":431,"column":11},"end":{"line":452,"column":69}},{"start":{"line":432,"column":11},"end":{"line":452,"column":69}}]},"56":{"loc":{"start":{"line":432,"column":11},"end":{"line":452,"column":69}},"type":"if","locations":[{"start":{"line":432,"column":11},"end":{"line":452,"column":69}},{"start":{"line":433,"column":11},"end":{"line":452,"column":69}}]},"57":{"loc":{"start":{"line":433,"column":11},"end":{"line":452,"column":69}},"type":"if","locations":[{"start":{"line":433,"column":11},"end":{"line":452,"column":69}},{"start":{"line":434,"column":11},"end":{"line":452,"column":69}}]},"58":{"loc":{"start":{"line":434,"column":11},"end":{"line":452,"column":69}},"type":"if","locations":[{"start":{"line":434,"column":11},"end":{"line":452,"column":69}},{"start":{"line":435,"column":11},"end":{"line":452,"column":69}}]},"59":{"loc":{"start":{"line":435,"column":11},"end":{"line":452,"column":69}},"type":"if","locations":[{"start":{"line":435,"column":11},"end":{"line":452,"column":69}},{"start":{"line":436,"column":11},"end":{"line":452,"column":69}}]},"60":{"loc":{"start":{"line":435,"column":15},"end":{"line":435,"column":56}},"type":"binary-expr","locations":[{"start":{"line":435,"column":15},"end":{"line":435,"column":33}},{"start":{"line":435,"column":37},"end":{"line":435,"column":56}}]},"61":{"loc":{"start":{"line":436,"column":11},"end":{"line":452,"column":69}},"type":"if","locations":[{"start":{"line":436,"column":11},"end":{"line":452,"column":69}},{"start":{"line":437,"column":11},"end":{"line":452,"column":69}}]},"62":{"loc":{"start":{"line":436,"column":15},"end":{"line":436,"column":53}},"type":"binary-expr","locations":[{"start":{"line":436,"column":15},"end":{"line":436,"column":32}},{"start":{"line":436,"column":36},"end":{"line":436,"column":53}}]},"63":{"loc":{"start":{"line":437,"column":11},"end":{"line":452,"column":69}},"type":"if","locations":[{"start":{"line":437,"column":11},"end":{"line":452,"column":69}},{"start":{"line":440,"column":11},"end":{"line":452,"column":69}}]},"64":{"loc":{"start":{"line":437,"column":15},"end":{"line":437,"column":102}},"type":"binary-expr","locations":[{"start":{"line":437,"column":15},"end":{"line":437,"column":34}},{"start":{"line":437,"column":38},"end":{"line":437,"column":56}},{"start":{"line":437,"column":60},"end":{"line":437,"column":79}},{"start":{"line":437,"column":83},"end":{"line":437,"column":102}}]},"65":{"loc":{"start":{"line":440,"column":11},"end":{"line":452,"column":69}},"type":"if","locations":[{"start":{"line":440,"column":11},"end":{"line":452,"column":69}},{"start":{"line":441,"column":11},"end":{"line":452,"column":69}}]},"66":{"loc":{"start":{"line":440,"column":15},"end":{"line":440,"column":57}},"type":"binary-expr","locations":[{"start":{"line":440,"column":15},"end":{"line":440,"column":33}},{"start":{"line":440,"column":37},"end":{"line":440,"column":57}}]},"67":{"loc":{"start":{"line":441,"column":11},"end":{"line":452,"column":69}},"type":"if","locations":[{"start":{"line":441,"column":11},"end":{"line":452,"column":69}},{"start":{"line":442,"column":11},"end":{"line":452,"column":69}}]},"68":{"loc":{"start":{"line":442,"column":11},"end":{"line":452,"column":69}},"type":"if","locations":[{"start":{"line":442,"column":11},"end":{"line":452,"column":69}},{"start":{"line":443,"column":11},"end":{"line":452,"column":69}}]},"69":{"loc":{"start":{"line":442,"column":15},"end":{"line":442,"column":57}},"type":"binary-expr","locations":[{"start":{"line":442,"column":15},"end":{"line":442,"column":34}},{"start":{"line":442,"column":38},"end":{"line":442,"column":57}}]},"70":{"loc":{"start":{"line":443,"column":11},"end":{"line":452,"column":69}},"type":"if","locations":[{"start":{"line":443,"column":11},"end":{"line":452,"column":69}},{"start":{"line":444,"column":11},"end":{"line":452,"column":69}}]},"71":{"loc":{"start":{"line":443,"column":15},"end":{"line":443,"column":58}},"type":"binary-expr","locations":[{"start":{"line":443,"column":15},"end":{"line":443,"column":35}},{"start":{"line":443,"column":39},"end":{"line":443,"column":58}}]},"72":{"loc":{"start":{"line":444,"column":11},"end":{"line":452,"column":69}},"type":"if","locations":[{"start":{"line":444,"column":11},"end":{"line":452,"column":69}},{"start":{"line":445,"column":11},"end":{"line":452,"column":69}}]},"73":{"loc":{"start":{"line":445,"column":11},"end":{"line":452,"column":69}},"type":"if","locations":[{"start":{"line":445,"column":11},"end":{"line":452,"column":69}},{"start":{"line":446,"column":11},"end":{"line":452,"column":69}}]},"74":{"loc":{"start":{"line":446,"column":11},"end":{"line":452,"column":69}},"type":"if","locations":[{"start":{"line":446,"column":11},"end":{"line":452,"column":69}},{"start":{"line":449,"column":11},"end":{"line":452,"column":69}}]},"75":{"loc":{"start":{"line":446,"column":15},"end":{"line":446,"column":91}},"type":"binary-expr","locations":[{"start":{"line":446,"column":15},"end":{"line":446,"column":41}},{"start":{"line":446,"column":45},"end":{"line":446,"column":91}}]},"76":{"loc":{"start":{"line":449,"column":11},"end":{"line":452,"column":69}},"type":"if","locations":[{"start":{"line":449,"column":11},"end":{"line":452,"column":69}},{"start":{"line":452,"column":11},"end":{"line":452,"column":69}}]},"77":{"loc":{"start":{"line":452,"column":11},"end":{"line":452,"column":69}},"type":"if","locations":[{"start":{"line":452,"column":11},"end":{"line":452,"column":69}}]},"78":{"loc":{"start":{"line":467,"column":34},"end":{"line":467,"column":67}},"type":"binary-expr","locations":[{"start":{"line":467,"column":34},"end":{"line":467,"column":48}},{"start":{"line":467,"column":52},"end":{"line":467,"column":67}}]},"79":{"loc":{"start":{"line":473,"column":8},"end":{"line":475,"column":9}},"type":"if","locations":[{"start":{"line":473,"column":8},"end":{"line":475,"column":9}}]},"80":{"loc":{"start":{"line":502,"column":18},"end":{"line":502,"column":68}},"type":"cond-expr","locations":[{"start":{"line":502,"column":47},"end":{"line":502,"column":52}},{"start":{"line":502,"column":55},"end":{"line":502,"column":68}}]},"81":{"loc":{"start":{"line":523,"column":15},"end":{"line":526,"column":null}},"type":"cond-expr","locations":[{"start":{"line":524,"column":16},"end":{"line":524,"column":71}},{"start":{"line":526,"column":16},"end":{"line":526,"column":47}}]},"82":{"loc":{"start":{"line":535,"column":15},"end":{"line":541,"column":null}},"type":"binary-expr","locations":[{"start":{"line":535,"column":15},"end":{"line":535,"column":29}},{"start":{"line":536,"column":16},"end":{"line":538,"column":null}}]},"83":{"loc":{"start":{"line":547,"column":9},"end":{"line":551,"column":null}},"type":"binary-expr","locations":[{"start":{"line":547,"column":9},"end":{"line":547,"column":49}},{"start":{"line":548,"column":10},"end":{"line":550,"column":null}}]},"84":{"loc":{"start":{"line":554,"column":9},"end":{"line":555,"column":null}},"type":"binary-expr","locations":[{"start":{"line":554,"column":9},"end":{"line":554,"column":44}},{"start":{"line":555,"column":10},"end":{"line":555,"column":80}}]},"85":{"loc":{"start":{"line":558,"column":9},"end":{"line":638,"column":null}},"type":"binary-expr","locations":[{"start":{"line":558,"column":9},"end":{"line":558,"column":23}},{"start":{"line":559,"column":10},"end":{"line":637,"column":null}}]},"86":{"loc":{"start":{"line":584,"column":23},"end":{"line":585,"column":44}},"type":"binary-expr","locations":[{"start":{"line":584,"column":23},"end":{"line":585,"column":31}},{"start":{"line":585,"column":35},"end":{"line":585,"column":44}}]},"87":{"loc":{"start":{"line":587,"column":21},"end":{"line":600,"column":null}},"type":"binary-expr","locations":[{"start":{"line":587,"column":21},"end":{"line":587,"column":37}},{"start":{"line":588,"column":22},"end":{"line":599,"column":null}}]},"88":{"loc":{"start":{"line":593,"column":30},"end":{"line":593,"column":null}},"type":"cond-expr","locations":[{"start":{"line":593,"column":59},"end":{"line":593,"column":67}},{"start":{"line":593,"column":70},"end":{"line":593,"column":null}}]},"89":{"loc":{"start":{"line":642,"column":9},"end":{"line":646,"column":null}},"type":"binary-expr","locations":[{"start":{"line":642,"column":9},"end":{"line":642,"column":30}},{"start":{"line":642,"column":34},"end":{"line":642,"column":48}},{"start":{"line":643,"column":10},"end":{"line":645,"column":null}}]}},"s":{"0":0,"1":0,"2":0,"3":0,"4":0,"5":0,"6":0,"7":0,"8":0,"9":0,"10":0,"11":0,"12":0,"13":0,"14":0,"15":0,"16":0,"17":0,"18":0,"19":0,"20":0,"21":0,"22":0,"23":0,"24":0,"25":0,"26":0,"27":0,"28":0,"29":0,"30":0,"31":0,"32":0,"33":0,"34":0,"35":0,"36":0,"37":0,"38":0,"39":0,"40":0,"41":0,"42":0,"43":0,"44":0,"45":0,"46":0,"47":0,"48":0,"49":0,"50":0,"51":0,"52":0,"53":0,"54":0,"55":0,"56":0,"57":0,"58":0,"59":0,"60":0,"61":0,"62":0,"63":0,"64":0,"65":0,"66":0,"67":0,"68":0,"69":0,"70":0,"71":0,"72":0,"73":0,"74":0,"75":0,"76":0,"77":0,"78":0,"79":0,"80":0,"81":0,"82":0,"83":0,"84":0,"85":0,"86":0,"87":0,"88":0,"89":0,"90":0,"91":0,"92":0,"93":0,"94":0,"95":0,"96":0,"97":0,"98":0,"99":0,"100":0,"101":0,"102":0,"103":0,"104":0,"105":0,"106":0,"107":0,"108":0,"109":0,"110":0,"111":0,"112":0,"113":0,"114":0,"115":0,"116":0,"117":0,"118":0,"119":0,"120":0,"121":0,"122":0,"123":0,"124":0,"125":0,"126":0,"127":0,"128":0,"129":0,"130":0,"131":0,"132":0,"133":0,"134":0,"135":0,"136":0,"137":0,"138":0,"139":0,"140":0,"141":0,"142":0,"143":0,"144":0,"145":0,"146":0,"147":0,"148":0,"149":0,"150":0,"151":0,"152":0,"153":0,"154":0,"155":0,"156":0,"157":0,"158":0,"159":0,"160":0,"161":0,"162":0,"163":0,"164":0,"165":0,"166":0,"167":0,"168":0,"169":0,"170":0,"171":0,"172":0,"173":0,"174":0,"175":0,"176":0,"177":0,"178":0,"179":0,"180":0,"181":0,"182":0,"183":0,"184":0,"185":0,"186":0,"187":0,"188":0,"189":0,"190":0,"191":0,"192":0,"193":0,"194":0,"195":0,"196":0,"197":0,"198":0,"199":0,"200":0,"201":0,"202":0,"203":0,"204":0,"205":0,"206":0,"207":0,"208":0,"209":0,"210":0,"211":0,"212":0,"213":0,"214":0,"215":0,"216":0,"217":0,"218":0,"219":0,"220":0,"221":0,"222":0,"223":0,"224":0,"225":0,"226":0,"227":0,"228":0,"229":0,"230":0,"231":0,"232":0,"233":0,"234":0,"235":0,"236":0,"237":0,"238":0,"239":0,"240":0,"241":0,"242":0,"243":0,"244":0,"245":0,"246":0,"247":0,"248":0,"249":0,"250":0,"251":0,"252":0,"253":0,"254":0,"255":0,"256":0,"257":0,"258":0,"259":0,"260":0,"261":0,"262":0,"263":0,"264":0,"265":0,"266":0,"267":0,"268":0,"269":0,"270":0,"271":0,"272":0,"273":0,"274":0,"275":0,"276":0,"277":0,"278":0,"279":0,"280":0,"281":0,"282":0,"283":0},"f":{"0":0,"1":0,"2":0,"3":0,"4":0,"5":0,"6":0,"7":0,"8":0,"9":0,"10":0,"11":0,"12":0,"13":0,"14":0,"15":0,"16":0,"17":0,"18":0,"19":0,"20":0,"21":0,"22":0,"23":0,"24":0,"25":0,"26":0,"27":0,"28":0,"29":0,"30":0,"31":0,"32":0,"33":0,"34":0,"35":0,"36":0,"37":0,"38":0,"39":0,"40":0,"41":0,"42":0,"43":0,"44":0,"45":0,"46":0,"47":0,"48":0,"49":0,"50":0,"51":0,"52":0,"53":0,"54":0,"55":0,"56":0,"57":0,"58":0,"59":0},"b":{"0":[0,0],"1":[0,0],"2":[0,0],"3":[0,0],"4":[0],"5":[0,0],"6":[0],"7":[0,0],"8":[0],"9":[0],"10":[0,0],"11":[0,0,0],"12":[0,0],"13":[0],"14":[0,0],"15":[0,0],"16":[0,0],"17":[0],"18":[0,0],"19":[0,0],"20":[0,0,0],"21":[0,0],"22":[0],"23":[0,0],"24":[0,0],"25":[0,0],"26":[0],"27":[0,0],"28":[0],"29":[0],"30":[0,0],"31":[0,0],"32":[0,0],"33":[0],"34":[0,0],"35":[0],"36":[0,0],"37":[0,0],"38":[0,0],"39":[0,0],"40":[0,0],"41":[0,0],"42":[0,0],"43":[0,0],"44":[0,0],"45":[0,0],"46":[0,0],"47":[0,0],"48":[0,0],"49":[0,0],"50":[0,0],"51":[0,0],"52":[0,0],"53":[0,0],"54":[0,0],"55":[0,0],"56":[0,0],"57":[0,0],"58":[0,0],"59":[0,0],"60":[0,0],"61":[0,0],"62":[0,0],"63":[0,0],"64":[0,0,0,0],"65":[0,0],"66":[0,0],"67":[0,0],"68":[0,0],"69":[0,0],"70":[0,0],"71":[0,0],"72":[0,0],"73":[0,0],"74":[0,0],"75":[0,0],"76":[0,0],"77":[0],"78":[0,0],"79":[0],"80":[0,0],"81":[0,0],"82":[0,0],"83":[0,0],"84":[0,0],"85":[0,0],"86":[0,0],"87":[0,0],"88":[0,0],"89":[0,0,0]}}
,"/Users/nicobailon/Documents/development/pastemax-ultra/src/components/ApplyChangesModal.tsx": {"path":"/Users/nicobailon/Documents/development/pastemax-ultra/src/components/ApplyChangesModal.tsx","statementMap":{"0":{"start":{"line":8,"column":0},"end":{"line":8,"column":16}},"1":{"start":{"line":1,"column":0},"end":{"line":1,"column":51}},"2":{"start":{"line":9,"column":24},"end":{"line":9,"column":36}},"3":{"start":{"line":10,"column":30},"end":{"line":10,"column":42}},"4":{"start":{"line":11,"column":42},"end":{"line":11,"column":57}},"5":{"start":{"line":13,"column":22},"end":{"line":27,"column":3}},"6":{"start":{"line":14,"column":4},"end":{"line":17,"column":5}},"7":{"start":{"line":15,"column":6},"end":{"line":15,"column":44}},"8":{"start":{"line":16,"column":6},"end":{"line":16,"column":13}},"9":{"start":{"line":19,"column":4},"end":{"line":19,"column":26}},"10":{"start":{"line":20,"column":4},"end":{"line":20,"column":37}},"11":{"start":{"line":23,"column":4},"end":{"line":26,"column":7}},"12":{"start":{"line":29,"column":2},"end":{"line":54,"column":9}},"13":{"start":{"line":31,"column":27},"end":{"line":45,"column":5}},"14":{"start":{"line":36,"column":6},"end":{"line":36,"column":29}},"15":{"start":{"line":38,"column":6},"end":{"line":44,"column":7}},"16":{"start":{"line":39,"column":8},"end":{"line":39,"column":84}},"17":{"start":{"line":41,"column":8},"end":{"line":41,"column":19}},"18":{"start":{"line":43,"column":8},"end":{"line":43,"column":75}},"19":{"start":{"line":48,"column":4},"end":{"line":48,"column":77}},"20":{"start":{"line":51,"column":4},"end":{"line":53,"column":6}},"21":{"start":{"line":52,"column":6},"end":{"line":52,"column":91}},"22":{"start":{"line":56,"column":2},"end":{"line":105,"column":4}},"23":{"start":{"line":74,"column":29},"end":{"line":74,"column":51}}},"fnMap":{"0":{"name":"ApplyChangesModal","decl":{"start":{"line":8,"column":16},"end":{"line":8,"column":33}},"loc":{"start":{"line":8,"column":85},"end":{"line":106,"column":1}}},"1":{"name":"(anonymous_1)","decl":{"start":{"line":13,"column":22},"end":{"line":13,"column":25}},"loc":{"start":{"line":13,"column":27},"end":{"line":27,"column":3}}},"2":{"name":"(anonymous_2)","decl":{"start":{"line":29,"column":12},"end":{"line":29,"column":15}},"loc":{"start":{"line":29,"column":17},"end":{"line":54,"column":3}}},"3":{"name":"(anonymous_3)","decl":{"start":{"line":31,"column":27},"end":{"line":31,"column":28}},"loc":{"start":{"line":35,"column":9},"end":{"line":45,"column":5}}},"4":{"name":"(anonymous_4)","decl":{"start":{"line":51,"column":11},"end":{"line":51,"column":14}},"loc":{"start":{"line":51,"column":16},"end":{"line":53,"column":5}}},"5":{"name":"(anonymous_5)","decl":{"start":{"line":74,"column":22},"end":{"line":74,"column":23}},"loc":{"start":{"line":74,"column":29},"end":{"line":74,"column":51}}}},"branchMap":{"0":{"loc":{"start":{"line":14,"column":4},"end":{"line":17,"column":5}},"type":"if","locations":[{"start":{"line":14,"column":4},"end":{"line":17,"column":5}}]},"1":{"loc":{"start":{"line":38,"column":6},"end":{"line":44,"column":7}},"type":"if","locations":[{"start":{"line":38,"column":6},"end":{"line":44,"column":7}},{"start":{"line":42,"column":13},"end":{"line":44,"column":7}}]},"2":{"loc":{"start":{"line":39,"column":30},"end":{"line":39,"column":80}},"type":"binary-expr","locations":[{"start":{"line":39,"column":30},"end":{"line":39,"column":46}},{"start":{"line":39,"column":50},"end":{"line":39,"column":80}}]},"3":{"loc":{"start":{"line":43,"column":28},"end":{"line":43,"column":71}},"type":"binary-expr","locations":[{"start":{"line":43,"column":28},"end":{"line":43,"column":42}},{"start":{"line":43,"column":46},"end":{"line":43,"column":71}}]},"4":{"loc":{"start":{"line":80,"column":11},"end":{"line":83,"column":null}},"type":"binary-expr","locations":[{"start":{"line":80,"column":11},"end":{"line":80,"column":17}},{"start":{"line":81,"column":12},"end":{"line":82,"column":null}}]},"5":{"loc":{"start":{"line":81,"column":46},"end":{"line":81,"column":130}},"type":"cond-expr","locations":[{"start":{"line":81,"column":75},"end":{"line":81,"column":82}},{"start":{"line":81,"column":85},"end":{"line":81,"column":130}}]},"6":{"loc":{"start":{"line":81,"column":85},"end":{"line":81,"column":130}},"type":"cond-expr","locations":[{"start":{"line":81,"column":116},"end":{"line":81,"column":125}},{"start":{"line":81,"column":128},"end":{"line":81,"column":130}}]},"7":{"loc":{"start":{"line":91,"column":22},"end":{"line":91,"column":49}},"type":"binary-expr","locations":[{"start":{"line":91,"column":22},"end":{"line":91,"column":33}},{"start":{"line":91,"column":37},"end":{"line":91,"column":49}}]},"8":{"loc":{"start":{"line":93,"column":13},"end":{"line":93,"column":59}},"type":"cond-expr","locations":[{"start":{"line":93,"column":28},"end":{"line":93,"column":41}},{"start":{"line":93,"column":44},"end":{"line":93,"column":59}}]}},"s":{"0":1,"1":1,"2":15,"3":15,"4":15,"5":15,"6":3,"7":0,"8":0,"9":3,"10":3,"11":3,"12":15,"13":7,"14":2,"15":2,"16":1,"17":1,"18":1,"19":7,"20":7,"21":7,"22":15,"23":3},"f":{"0":15,"1":3,"2":7,"3":2,"4":7,"5":3},"b":{"0":[0],"1":[1,1],"2":[1,0],"3":[1,0],"4":[15,5],"5":[1,4],"6":[1,3],"7":[15,7],"8":[3,12]}}
,"/Users/nicobailon/Documents/development/pastemax-ultra/src/components/CopyButton.tsx": {"path":"/Users/nicobailon/Documents/development/pastemax-ultra/src/components/CopyButton.tsx","statementMap":{"0":{"start":{"line":1,"column":0},"end":{"line":1,"column":40}},"1":{"start":{"line":2,"column":0},"end":{"line":2,"column":43}},"2":{"start":{"line":10,"column":19},"end":{"line":44,"column":1}},"3":{"start":{"line":11,"column":30},"end":{"line":11,"column":45}},"4":{"start":{"line":13,"column":21},"end":{"line":25,"column":3}},"5":{"start":{"line":14,"column":4},"end":{"line":24,"column":5}},"6":{"start":{"line":15,"column":6},"end":{"line":15,"column":48}},"7":{"start":{"line":16,"column":6},"end":{"line":16,"column":22}},"8":{"start":{"line":19,"column":6},"end":{"line":21,"column":15}},"9":{"start":{"line":20,"column":8},"end":{"line":20,"column":25}},"10":{"start":{"line":23,"column":6},"end":{"line":23,"column":44}},"11":{"start":{"line":28,"column":22},"end":{"line":30,"column":4}},"12":{"start":{"line":32,"column":2},"end":{"line":43,"column":4}},"13":{"start":{"line":46,"column":0},"end":{"line":46,"column":26}}},"fnMap":{"0":{"name":"(anonymous_0)","decl":{"start":{"line":10,"column":19},"end":{"line":10,"column":20}},"loc":{"start":{"line":10,"column":75},"end":{"line":44,"column":1}}},"1":{"name":"(anonymous_1)","decl":{"start":{"line":13,"column":21},"end":{"line":13,"column":26}},"loc":{"start":{"line":13,"column":32},"end":{"line":25,"column":3}}},"2":{"name":"(anonymous_2)","decl":{"start":{"line":19,"column":17},"end":{"line":19,"column":20}},"loc":{"start":{"line":19,"column":22},"end":{"line":21,"column":7}}}},"branchMap":{"0":{"loc":{"start":{"line":10,"column":28},"end":{"line":10,"column":42}},"type":"default-arg","locations":[{"start":{"line":10,"column":40},"end":{"line":10,"column":42}}]},"1":{"loc":{"start":{"line":37,"column":13},"end":{"line":37,"column":53}},"type":"cond-expr","locations":[{"start":{"line":37,"column":22},"end":{"line":37,"column":31}},{"start":{"line":37,"column":34},"end":{"line":37,"column":53}}]},"2":{"loc":{"start":{"line":40,"column":7},"end":{"line":40,"column":56}},"type":"cond-expr","locations":[{"start":{"line":40,"column":16},"end":{"line":40,"column":35}},{"start":{"line":40,"column":38},"end":{"line":40,"column":56}}]}},"s":{"0":0,"1":0,"2":0,"3":0,"4":0,"5":0,"6":0,"7":0,"8":0,"9":0,"10":0,"11":0,"12":0,"13":0},"f":{"0":0,"1":0,"2":0},"b":{"0":[0],"1":[0,0],"2":[0,0]}}
,"/Users/nicobailon/Documents/development/pastemax-ultra/src/components/FileCard.tsx": {"path":"/Users/nicobailon/Documents/development/pastemax-ultra/src/components/FileCard.tsx","statementMap":{"0":{"start":{"line":3,"column":0},"end":{"line":3,"column":49}},"1":{"start":{"line":4,"column":0},"end":{"line":4,"column":38}},"2":{"start":{"line":17,"column":17},"end":{"line":53,"column":1}},"3":{"start":{"line":22,"column":47},"end":{"line":22,"column":51}},"4":{"start":{"line":25,"column":26},"end":{"line":25,"column":53}},"5":{"start":{"line":27,"column":2},"end":{"line":52,"column":4}},"6":{"start":{"line":42,"column":25},"end":{"line":42,"column":50}},"7":{"start":{"line":55,"column":0},"end":{"line":55,"column":24}}},"fnMap":{"0":{"name":"(anonymous_1)","decl":{"start":{"line":17,"column":17},"end":{"line":17,"column":18}},"loc":{"start":{"line":21,"column":29},"end":{"line":53,"column":1}}},"1":{"name":"(anonymous_2)","decl":{"start":{"line":42,"column":19},"end":{"line":42,"column":22}},"loc":{"start":{"line":42,"column":25},"end":{"line":42,"column":50}}}},"branchMap":{"0":{"loc":{"start":{"line":28,"column":33},"end":{"line":28,"column":61}},"type":"cond-expr","locations":[{"start":{"line":28,"column":46},"end":{"line":28,"column":56}},{"start":{"line":28,"column":59},"end":{"line":28,"column":61}}]},"1":{"loc":{"start":{"line":43,"column":17},"end":{"line":43,"column":74}},"type":"cond-expr","locations":[{"start":{"line":43,"column":30},"end":{"line":43,"column":53}},{"start":{"line":43,"column":56},"end":{"line":43,"column":74}}]},"2":{"loc":{"start":{"line":45,"column":11},"end":{"line":45,"column":60}},"type":"cond-expr","locations":[{"start":{"line":45,"column":24},"end":{"line":45,"column":39}},{"start":{"line":45,"column":42},"end":{"line":45,"column":60}}]}},"s":{"0":0,"1":0,"2":0,"3":0,"4":0,"5":0,"6":0,"7":0},"f":{"0":0,"1":0},"b":{"0":[0,0],"1":[0,0],"2":[0,0]}}
,"/Users/nicobailon/Documents/development/pastemax-ultra/src/components/FileList.tsx": {"path":"/Users/nicobailon/Documents/development/pastemax-ultra/src/components/FileList.tsx","statementMap":{"0":{"start":{"line":3,"column":0},"end":{"line":3,"column":34}},"1":{"start":{"line":5,"column":17},"end":{"line":38,"column":1}},"2":{"start":{"line":11,"column":27},"end":{"line":13,"column":null}},"3":{"start":{"line":13,"column":6},"end":{"line":13,"column":76}},"4":{"start":{"line":16,"column":2},"end":{"line":37,"column":4}},"5":{"start":{"line":21,"column":12},"end":{"line":22,"column":null}},"6":{"start":{"line":40,"column":0},"end":{"line":40,"column":24}}},"fnMap":{"0":{"name":"(anonymous_1)","decl":{"start":{"line":5,"column":17},"end":{"line":5,"column":18}},"loc":{"start":{"line":9,"column":20},"end":{"line":38,"column":1}}},"1":{"name":"(anonymous_2)","decl":{"start":{"line":12,"column":4},"end":{"line":12,"column":5}},"loc":{"start":{"line":13,"column":6},"end":{"line":13,"column":76}}},"2":{"name":"(anonymous_3)","decl":{"start":{"line":20,"column":32},"end":{"line":20,"column":33}},"loc":{"start":{"line":21,"column":12},"end":{"line":22,"column":null}}}},"branchMap":{"0":{"loc":{"start":{"line":13,"column":6},"end":{"line":13,"column":76}},"type":"binary-expr","locations":[{"start":{"line":13,"column":6},"end":{"line":13,"column":39}},{"start":{"line":13,"column":43},"end":{"line":13,"column":57}},{"start":{"line":13,"column":61},"end":{"line":13,"column":76}}]},"1":{"loc":{"start":{"line":18,"column":7},"end":{"line":34,"column":null}},"type":"cond-expr","locations":[{"start":{"line":19,"column":8},"end":{"line":27,"column":null}},{"start":{"line":30,"column":8},"end":{"line":33,"column":null}}]},"2":{"loc":{"start":{"line":31,"column":11},"end":{"line":33,"column":45}},"type":"cond-expr","locations":[{"start":{"line":32,"column":14},"end":{"line":32,"column":65}},{"start":{"line":33,"column":14},"end":{"line":33,"column":45}}]}},"s":{"0":0,"1":0,"2":0,"3":0,"4":0,"5":0,"6":0},"f":{"0":0,"1":0,"2":0},"b":{"0":[0,0,0],"1":[0,0],"2":[0,0]}}
,"/Users/nicobailon/Documents/development/pastemax-ultra/src/components/FileTreeToggle.tsx": {"path":"/Users/nicobailon/Documents/development/pastemax-ultra/src/components/FileTreeToggle.tsx","statementMap":{"0":{"start":{"line":9,"column":24},"end":{"line":14,"column":2}},"1":{"start":{"line":16,"column":23},"end":{"line":31,"column":1}},"2":{"start":{"line":17,"column":2},"end":{"line":30,"column":4}},"3":{"start":{"line":20,"column":8},"end":{"line":21,"column":null}},"4":{"start":{"line":23,"column":25},"end":{"line":23,"column":47}},"5":{"start":{"line":34,"column":2},"end":{"line":45,"column":3}},"6":{"start":{"line":36,"column":6},"end":{"line":36,"column":37}},"7":{"start":{"line":38,"column":6},"end":{"line":38,"column":62}},"8":{"start":{"line":40,"column":6},"end":{"line":40,"column":64}},"9":{"start":{"line":42,"column":6},"end":{"line":42,"column":46}},"10":{"start":{"line":44,"column":6},"end":{"line":44,"column":16}},"11":{"start":{"line":48,"column":0},"end":{"line":48,"column":30}}},"fnMap":{"0":{"name":"(anonymous_0)","decl":{"start":{"line":16,"column":23},"end":{"line":16,"column":24}},"loc":{"start":{"line":16,"column":87},"end":{"line":31,"column":1}}},"1":{"name":"(anonymous_1)","decl":{"start":{"line":19,"column":27},"end":{"line":19,"column":28}},"loc":{"start":{"line":20,"column":8},"end":{"line":21,"column":null}}},"2":{"name":"(anonymous_2)","decl":{"start":{"line":23,"column":19},"end":{"line":23,"column":22}},"loc":{"start":{"line":23,"column":25},"end":{"line":23,"column":47}}},"3":{"name":"getTooltipText","decl":{"start":{"line":33,"column":9},"end":{"line":33,"column":23}},"loc":{"start":{"line":33,"column":42},"end":{"line":46,"column":1}}}},"branchMap":{"0":{"loc":{"start":{"line":22,"column":38},"end":{"line":22,"column":82}},"type":"cond-expr","locations":[{"start":{"line":22,"column":69},"end":{"line":22,"column":77}},{"start":{"line":22,"column":80},"end":{"line":22,"column":82}}]},"1":{"loc":{"start":{"line":34,"column":2},"end":{"line":45,"column":3}},"type":"switch","locations":[{"start":{"line":35,"column":4},"end":{"line":36,"column":37}},{"start":{"line":37,"column":4},"end":{"line":38,"column":62}},{"start":{"line":39,"column":4},"end":{"line":40,"column":64}},{"start":{"line":41,"column":4},"end":{"line":42,"column":46}},{"start":{"line":43,"column":4},"end":{"line":44,"column":16}}]}},"s":{"0":0,"1":0,"2":0,"3":0,"4":0,"5":0,"6":0,"7":0,"8":0,"9":0,"10":0,"11":0},"f":{"0":0,"1":0,"2":0,"3":0},"b":{"0":[0,0],"1":[0,0,0,0,0]}}
,"/Users/nicobailon/Documents/development/pastemax-ultra/src/components/SearchBar.tsx": {"path":"/Users/nicobailon/Documents/development/pastemax-ultra/src/components/SearchBar.tsx","statementMap":{"0":{"start":{"line":1,"column":0},"end":{"line":1,"column":40}},"1":{"start":{"line":2,"column":0},"end":{"line":2,"column":41}},"2":{"start":{"line":10,"column":18},"end":{"line":42,"column":1}},"3":{"start":{"line":15,"column":36},"end":{"line":15,"column":51}},"4":{"start":{"line":17,"column":2},"end":{"line":41,"column":4}},"5":{"start":{"line":27,"column":25},"end":{"line":27,"column":55}},"6":{"start":{"line":28,"column":23},"end":{"line":28,"column":41}},"7":{"start":{"line":29,"column":22},"end":{"line":29,"column":41}},"8":{"start":{"line":34,"column":25},"end":{"line":34,"column":43}},"9":{"start":{"line":44,"column":0},"end":{"line":44,"column":25}}},"fnMap":{"0":{"name":"(anonymous_0)","decl":{"start":{"line":10,"column":18},"end":{"line":10,"column":19}},"loc":{"start":{"line":14,"column":21},"end":{"line":42,"column":1}}},"1":{"name":"(anonymous_1)","decl":{"start":{"line":27,"column":18},"end":{"line":27,"column":19}},"loc":{"start":{"line":27,"column":25},"end":{"line":27,"column":55}}},"2":{"name":"(anonymous_2)","decl":{"start":{"line":28,"column":17},"end":{"line":28,"column":20}},"loc":{"start":{"line":28,"column":23},"end":{"line":28,"column":41}}},"3":{"name":"(anonymous_3)","decl":{"start":{"line":29,"column":16},"end":{"line":29,"column":19}},"loc":{"start":{"line":29,"column":22},"end":{"line":29,"column":41}}},"4":{"name":"(anonymous_4)","decl":{"start":{"line":34,"column":19},"end":{"line":34,"column":22}},"loc":{"start":{"line":34,"column":25},"end":{"line":34,"column":43}}}},"branchMap":{"0":{"loc":{"start":{"line":13,"column":2},"end":{"line":13,"column":27}},"type":"default-arg","locations":[{"start":{"line":13,"column":16},"end":{"line":13,"column":27}}]},"1":{"loc":{"start":{"line":18,"column":34},"end":{"line":18,"column":60}},"type":"cond-expr","locations":[{"start":{"line":18,"column":46},"end":{"line":18,"column":55}},{"start":{"line":18,"column":58},"end":{"line":18,"column":60}}]},"2":{"loc":{"start":{"line":31,"column":7},"end":{"line":38,"column":null}},"type":"binary-expr","locations":[{"start":{"line":31,"column":7},"end":{"line":31,"column":17}},{"start":{"line":32,"column":8},"end":{"line":37,"column":null}}]}},"s":{"0":0,"1":0,"2":0,"3":0,"4":0,"5":0,"6":0,"7":0,"8":0,"9":0},"f":{"0":0,"1":0,"2":0,"3":0,"4":0},"b":{"0":[0],"1":[0,0],"2":[0,0]}}
,"/Users/nicobailon/Documents/development/pastemax-ultra/src/components/Sidebar.tsx": {"path":"/Users/nicobailon/Documents/development/pastemax-ultra/src/components/Sidebar.tsx","statementMap":{"0":{"start":{"line":1,"column":0},"end":{"line":1,"column":51}},"1":{"start":{"line":3,"column":0},"end":{"line":3,"column":36}},"2":{"start":{"line":4,"column":0},"end":{"line":4,"column":34}},"3":{"start":{"line":12,"column":16},"end":{"line":346,"column":1}},"4":{"start":{"line":26,"column":34},"end":{"line":26,"column":60}},"5":{"start":{"line":27,"column":62},"end":{"line":27,"column":77}},"6":{"start":{"line":28,"column":42},"end":{"line":28,"column":55}},"7":{"start":{"line":29,"column":38},"end":{"line":29,"column":53}},"8":{"start":{"line":32,"column":28},"end":{"line":32,"column":31}},"9":{"start":{"line":33,"column":28},"end":{"line":33,"column":31}},"10":{"start":{"line":36,"column":28},"end":{"line":39,"column":3}},"11":{"start":{"line":37,"column":4},"end":{"line":37,"column":23}},"12":{"start":{"line":38,"column":4},"end":{"line":38,"column":24}},"13":{"start":{"line":42,"column":2},"end":{"line":63,"column":19}},"14":{"start":{"line":43,"column":25},"end":{"line":50,"column":5}},"15":{"start":{"line":44,"column":6},"end":{"line":49,"column":7}},"16":{"start":{"line":45,"column":25},"end":{"line":45,"column":34}},"17":{"start":{"line":46,"column":8},"end":{"line":48,"column":9}},"18":{"start":{"line":47,"column":10},"end":{"line":47,"column":36}},"19":{"start":{"line":52,"column":28},"end":{"line":54,"column":5}},"20":{"start":{"line":53,"column":6},"end":{"line":53,"column":27}},"21":{"start":{"line":56,"column":4},"end":{"line":56,"column":57}},"22":{"start":{"line":57,"column":4},"end":{"line":57,"column":58}},"23":{"start":{"line":59,"column":4},"end":{"line":62,"column":6}},"24":{"start":{"line":60,"column":6},"end":{"line":60,"column":62}},"25":{"start":{"line":61,"column":6},"end":{"line":61,"column":63}},"26":{"start":{"line":66,"column":2},"end":{"line":203,"column":48}},"27":{"start":{"line":67,"column":4},"end":{"line":71,"column":5}},"28":{"start":{"line":68,"column":6},"end":{"line":68,"column":22}},"29":{"start":{"line":69,"column":6},"end":{"line":69,"column":39}},"30":{"start":{"line":70,"column":6},"end":{"line":70,"column":13}},"31":{"start":{"line":73,"column":22},"end":{"line":198,"column":5}},"32":{"start":{"line":74,"column":6},"end":{"line":74,"column":71}},"33":{"start":{"line":75,"column":6},"end":{"line":75,"column":39}},"34":{"start":{"line":77,"column":6},"end":{"line":197,"column":7}},"35":{"start":{"line":79,"column":45},"end":{"line":79,"column":47}},"36":{"start":{"line":82,"column":8},"end":{"line":131,"column":11}},"37":{"start":{"line":83,"column":10},"end":{"line":83,"column":33}},"38":{"start":{"line":83,"column":26},"end":{"line":83,"column":33}},"39":{"start":{"line":86,"column":12},"end":{"line":90,"column":25}},"40":{"start":{"line":92,"column":24},"end":{"line":92,"column":51}},"41":{"start":{"line":93,"column":28},"end":{"line":93,"column":30}},"42":{"start":{"line":94,"column":24},"end":{"line":94,"column":31}},"43":{"start":{"line":97,"column":10},"end":{"line":130,"column":11}},"44":{"start":{"line":97,"column":23},"end":{"line":97,"column":24}},"45":{"start":{"line":98,"column":25},"end":{"line":98,"column":33}},"46":{"start":{"line":99,"column":12},"end":{"line":99,"column":32}},"47":{"start":{"line":99,"column":23},"end":{"line":99,"column":32}},"48":{"start":{"line":101,"column":12},"end":{"line":101,"column":72}},"49":{"start":{"line":102,"column":29},"end":{"line":104,"column":27}},"50":{"start":{"line":106,"column":12},"end":{"line":129,"column":13}},"51":{"start":{"line":108,"column":14},"end":{"line":115,"column":16}},"52":{"start":{"line":118,"column":14},"end":{"line":127,"column":15}},"53":{"start":{"line":119,"column":16},"end":{"line":126,"column":18}},"54":{"start":{"line":128,"column":14},"end":{"line":128,"column":47}},"55":{"start":{"line":134,"column":35},"end":{"line":171,"column":9}},"56":{"start":{"line":138,"column":10},"end":{"line":170,"column":13}},"57":{"start":{"line":139,"column":25},"end":{"line":139,"column":34}},"58":{"start":{"line":141,"column":12},"end":{"line":169,"column":13}},"59":{"start":{"line":142,"column":14},"end":{"line":142,"column":38}},"60":{"start":{"line":144,"column":31},"end":{"line":144,"column":75}},"61":{"start":{"line":146,"column":16},"end":{"line":148,"column":24}},"62":{"start":{"line":150,"column":14},"end":{"line":168,"column":16}},"63":{"start":{"line":154,"column":18},"end":{"line":154,"column":77}},"64":{"start":{"line":154,"column":67},"end":{"line":154,"column":77}},"65":{"start":{"line":155,"column":18},"end":{"line":155,"column":76}},"66":{"start":{"line":155,"column":67},"end":{"line":155,"column":76}},"67":{"start":{"line":158,"column":18},"end":{"line":162,"column":19}},"68":{"start":{"line":159,"column":36},"end":{"line":159,"column":63}},"69":{"start":{"line":160,"column":36},"end":{"line":160,"column":63}},"70":{"start":{"line":161,"column":20},"end":{"line":161,"column":45}},"71":{"start":{"line":165,"column":18},"end":{"line":165,"column":54}},"72":{"start":{"line":174,"column":26},"end":{"line":174,"column":53}},"73":{"start":{"line":177,"column":27},"end":{"line":189,"column":10}},"74":{"start":{"line":178,"column":10},"end":{"line":178,"column":69}},"75":{"start":{"line":178,"column":59},"end":{"line":178,"column":69}},"76":{"start":{"line":179,"column":10},"end":{"line":179,"column":68}},"77":{"start":{"line":179,"column":59},"end":{"line":179,"column":68}},"78":{"start":{"line":182,"column":10},"end":{"line":186,"column":11}},"79":{"start":{"line":183,"column":28},"end":{"line":183,"column":55}},"80":{"start":{"line":184,"column":28},"end":{"line":184,"column":55}},"81":{"start":{"line":185,"column":12},"end":{"line":185,"column":37}},"82":{"start":{"line":188,"column":10},"end":{"line":188,"column":46}},"83":{"start":{"line":191,"column":8},"end":{"line":191,"column":32}},"84":{"start":{"line":192,"column":8},"end":{"line":192,"column":40}},"85":{"start":{"line":194,"column":8},"end":{"line":194,"column":56}},"86":{"start":{"line":195,"column":8},"end":{"line":195,"column":24}},"87":{"start":{"line":196,"column":8},"end":{"line":196,"column":40}},"88":{"start":{"line":201,"column":31},"end":{"line":201,"column":55}},"89":{"start":{"line":202,"column":4},"end":{"line":202,"column":50}},"90":{"start":{"line":202,"column":17},"end":{"line":202,"column":49}},"91":{"start":{"line":206,"column":2},"end":{"line":229,"column":22}},"92":{"start":{"line":207,"column":4},"end":{"line":207,"column":38}},"93":{"start":{"line":207,"column":31},"end":{"line":207,"column":38}},"94":{"start":{"line":210,"column":31},"end":{"line":226,"column":5}},"95":{"start":{"line":211,"column":6},"end":{"line":225,"column":9}},"96":{"start":{"line":212,"column":8},"end":{"line":223,"column":9}},"97":{"start":{"line":214,"column":12},"end":{"line":216,"column":20}},"98":{"start":{"line":218,"column":10},"end":{"line":222,"column":12}},"99":{"start":{"line":224,"column":8},"end":{"line":224,"column":20}},"100":{"start":{"line":228,"column":4},"end":{"line":228,"column":72}},"101":{"start":{"line":228,"column":42},"end":{"line":228,"column":70}},"102":{"start":{"line":232,"column":22},"end":{"line":246,"column":3}},"103":{"start":{"line":233,"column":29},"end":{"line":233,"column":31}},"104":{"start":{"line":235,"column":4},"end":{"line":243,"column":7}},"105":{"start":{"line":237,"column":6},"end":{"line":237,"column":24}},"106":{"start":{"line":240,"column":6},"end":{"line":242,"column":7}},"107":{"start":{"line":241,"column":8},"end":{"line":241,"column":60}},"108":{"start":{"line":245,"column":4},"end":{"line":245,"column":18}},"109":{"start":{"line":249,"column":21},"end":{"line":282,"column":3}},"110":{"start":{"line":250,"column":4},"end":{"line":250,"column":28}},"111":{"start":{"line":250,"column":15},"end":{"line":250,"column":28}},"112":{
[...]
ype":"binary-expr","locations":[{"start":{"line":160,"column":25},"end":{"line":160,"column":31}},{"start":{"line":160,"column":35},"end":{"line":160,"column":41}}]},"18":{"loc":{"start":{"line":162,"column":6},"end":{"line":172,"column":7}},"type":"if","locations":[{"start":{"line":162,"column":6},"end":{"line":172,"column":7}},{"start":{"line":168,"column":13},"end":{"line":172,"column":7}}]},"19":{"loc":{"start":{"line":168,"column":13},"end":{"line":172,"column":7}},"type":"if","locations":[{"start":{"line":168,"column":13},"end":{"line":172,"column":7}}]},"20":{"loc":{"start":{"line":182,"column":41},"end":{"line":182,"column":52}},"type":"default-arg","locations":[{"start":{"line":182,"column":50},"end":{"line":182,"column":52}}]},"21":{"loc":{"start":{"line":182,"column":54},"end":{"line":182,"column":67}},"type":"default-arg","locations":[{"start":{"line":182,"column":63},"end":{"line":182,"column":67}}]},"22":{"loc":{"start":{"line":182,"column":69},"end":{"line":182,"column":82}},"type":"default-arg","locations":[{"start":{"line":182,"column":78},"end":{"line":182,"column":82}}]},"23":{"loc":{"start":{"line":183,"column":4},"end":{"line":218,"column":5}},"type":"if","locations":[{"start":{"line":183,"column":4},"end":{"line":218,"column":5}},{"start":{"line":203,"column":11},"end":{"line":218,"column":5}}]},"24":{"loc":{"start":{"line":185,"column":16},"end":{"line":185,"column":40}},"type":"cond-expr","locations":[{"start":{"line":185,"column":25},"end":{"line":185,"column":31}},{"start":{"line":185,"column":34},"end":{"line":185,"column":40}}]},"25":{"loc":{"start":{"line":188,"column":16},"end":{"line":188,"column":40}},"type":"cond-expr","locations":[{"start":{"line":188,"column":25},"end":{"line":188,"column":31}},{"start":{"line":188,"column":34},"end":{"line":188,"column":40}}]},"26":{"loc":{"start":{"line":192,"column":8},"end":{"line":194,"column":9}},"type":"if","locations":[{"start":{"line":192,"column":8},"end":{"line":194,"column":9}}]},"27":{"loc":{"start":{"line":193,"column":17},"end":{"line":193,"column":34}},"type":"cond-expr","locations":[{"start":{"line":193,"column":28},"end":{"line":193,"column":29}},{"start":{"line":193,"column":32},"end":{"line":193,"column":34}}]},"28":{"loc":{"start":{"line":207,"column":8},"end":{"line":209,"column":9}},"type":"if","locations":[{"start":{"line":207,"column":8},"end":{"line":209,"column":9}}]},"29":{"loc":{"start":{"line":208,"column":17},"end":{"line":208,"column":34}},"type":"cond-expr","locations":[{"start":{"line":208,"column":28},"end":{"line":208,"column":29}},{"start":{"line":208,"column":32},"end":{"line":208,"column":34}}]}},"s":{"0":0,"1":0,"2":0,"3":0,"4":0,"5":0,"6":0,"7":0,"8":0,"9":0,"10":0,"11":0,"12":0,"13":0,"14":0,"15":0,"16":0,"17":0,"18":0,"19":0,"20":0,"21":0,"22":0,"23":0,"24":0,"25":0,"26":0,"27":0,"28":0,"29":0,"30":0,"31":0,"32":0,"33":0,"34":0,"35":0,"36":0,"37":0,"38":0,"39":0,"40":0,"41":0,"42":0,"43":0,"44":0,"45":0,"46":0,"47":0,"48":0,"49":0,"50":0,"51":0,"52":0,"53":0,"54":0,"55":0,"56":0,"57":0,"58":0,"59":0,"60":0,"61":0,"62":0,"63":0,"64":0,"65":0,"66":0,"67":0,"68":0,"69":0,"70":0,"71":0,"72":0,"73":0,"74":0,"75":0,"76":0,"77":0,"78":0,"79":0,"80":0,"81":0,"82":0,"83":0,"84":0,"85":0,"86":0,"87":0,"88":0,"89":0,"90":0,"91":0,"92":0,"93":0},"f":{"0":0,"1":0,"2":0,"3":0,"4":0,"5":0,"6":0,"7":0,"8":0,"9":0,"10":0,"11":0,"12":0,"13":0,"14":0,"15":0,"16":0},"b":{"0":[0],"1":[0,0],"2":[0,0],"3":[0],"4":[0,0],"5":[0,0],"6":[0],"7":[0,0],"8":[0,0],"9":[0],"10":[0],"11":[0],"12":[0,0],"13":[0],"14":[0],"15":[0],"16":[0],"17":[0,0],"18":[0,0],"19":[0],"20":[0],"21":[0],"22":[0],"23":[0,0],"24":[0,0],"25":[0,0],"26":[0],"27":[0,0],"28":[0],"29":[0,0]}}
,"/Users/nicobailon/Documents/development/pastemax-ultra/src/utils/xmlParser.ts": {"path":"/Users/nicobailon/Documents/development/pastemax-ultra/src/utils/xmlParser.ts","statementMap":{"0":{"start":{"line":15,"column":0},"end":{"line":15,"column":16}},"1":{"start":{"line":66,"column":0},"end":{"line":66,"column":16}},"2":{"start":{"line":106,"column":0},"end":{"line":106,"column":16}},"3":{"start":{"line":1,"column":0},"end":{"line":1,"column":43}},"4":{"start":{"line":16,"column":2},"end":{"line":58,"column":3}},"5":{"start":{"line":17,"column":19},"end":{"line":17,"column":34}},"6":{"start":{"line":18,"column":19},"end":{"line":18,"column":65}},"7":{"start":{"line":20,"column":22},"end":{"line":20,"column":57}},"8":{"start":{"line":21,"column":34},"end":{"line":21,"column":36}},"9":{"start":{"line":23,"column":4},"end":{"line":52,"column":5}},"10":{"start":{"line":23,"column":17},"end":{"line":23,"column":18}},"11":{"start":{"line":24,"column":23},"end":{"line":24,"column":35}},"12":{"start":{"line":27,"column":26},"end":{"line":27,"column":74}},"13":{"start":{"line":28,"column":22},"end":{"line":28,"column":52}},"14":{"start":{"line":31,"column":28},"end":{"line":31,"column":78}},"15":{"start":{"line":32,"column":24},"end":{"line":32,"column":84}},"16":{"start":{"line":35,"column":23},"end":{"line":35,"column":68}},"17":{"start":{"line":36,"column":19},"end":{"line":36,"column":46}},"18":{"start":{"line":40,"column":6},"end":{"line":43,"column":7}},"19":{"start":{"line":41,"column":25},"end":{"line":41,"column":70}},"20":{"start":{"line":42,"column":8},"end":{"line":42,"column":43}},"21":{"start":{"line":46,"column":6},"end":{"line":51,"column":9}},"22":{"start":{"line":54,"column":4},"end":{"line":54,"column":19}},"23":{"start":{"line":56,"column":4},"end":{"line":56,"column":47}},"24":{"start":{"line":57,"column":4},"end":{"line":57,"column":102}},"25":{"start":{"line":67,"column":2},"end":{"line":98,"column":3}},"26":{"start":{"line":68,"column":20},"end":{"line":68,"column":47}},"27":{"start":{"line":71,"column":4},"end":{"line":73,"column":5}},"28":{"start":{"line":72,"column":6},"end":{"line":72,"column":71}},"29":{"start":{"line":76,"column":4},"end":{"line":90,"column":5}},"30":{"start":{"line":78,"column":6},"end":{"line":80,"column":7}},"31":{"start":{"line":79,"column":8},"end":{"line":79,"column":87}},"32":{"start":{"line":82,"column":6},"end":{"line":84,"column":7}},"33":{"start":{"line":83,"column":8},"end":{"line":83,"column":75}},"34":{"start":{"line":87,"column":6},"end":{"line":89,"column":7}},"35":{"start":{"line":88,"column":8},"end":{"line":88,"column":115}},"36":{"start":{"line":92,"column":4},"end":{"line":92,"column":29}},"37":{"start":{"line":94,"column":4},"end":{"line":97,"column":6}},"38":{"start":{"line":107,"column":2},"end":{"line":109,"column":3}},"39":{"start":{"line":108,"column":4},"end":{"line":108,"column":33}},"40":{"start":{"line":111,"column":22},"end":{"line":111,"column":74}},"41":{"start":{"line":111,"column":42},"end":{"line":111,"column":66}},"42":{"start":{"line":112,"column":22},"end":{"line":112,"column":74}},"43":{"start":{"line":112,"column":42},"end":{"line":112,"column":66}},"44":{"start":{"line":113,"column":22},"end":{"line":113,"column":74}},"45":{"start":{"line":113,"column":42},"end":{"line":113,"column":66}},"46":{"start":{"line":115,"column":18},"end":{"line":120,"column":30}},"47":{"start":{"line":122,"column":2},"end":{"line":122,"column":17}}},"fnMap":{"0":{"name":"parseXmlChanges","decl":{"start":{"line":15,"column":16},"end":{"line":15,"column":31}},"loc":{"start":{"line":15,"column":50},"end":{"line":59,"column":1}}},"1":{"name":"validateXmlChanges","decl":{"start":{"line":66,"column":16},"end":{"line":66,"column":34}},"loc":{"start":{"line":66,"column":53},"end":{"line":99,"column":1}}},"2":{"name":"generateChangesSummary","decl":{"start":{"line":106,"column":16},"end":{"line":106,"column":38}},"loc":{"start":{"line":106,"column":60},"end":{"line":123,"column":1}}},"3":{"name":"(anonymous_3)","decl":{"start":{"line":111,"column":37},"end":{"line":111,"column":38}},"loc":{"start":{"line":111,"column":42},"end":{"line":111,"column":66}}},"4":{"name":"(anonymous_4)","decl":{"start":{"line":112,"column":37},"end":{"line":112,"column":38}},"loc":{"start":{"line":112,"column":42},"end":{"line":112,"column":66}}},"5":{"name":"(anonymous_5)","decl":{"start":{"line":113,"column":37},"end":{"line":113,"column":38}},"loc":{"start":{"line":113,"column":42},"end":{"line":113,"column":66}}}},"branchMap":{"0":{"loc":{"start":{"line":28,"column":22},"end":{"line":28,"column":52}},"type":"binary-expr","locations":[{"start":{"line":28,"column":22},"end":{"line":28,"column":46}},{"start":{"line":28,"column":50},"end":{"line":28,"column":52}}]},"1":{"loc":{"start":{"line":36,"column":19},"end":{"line":36,"column":46}},"type":"binary-expr","locations":[{"start":{"line":36,"column":19},"end":{"line":36,"column":40}},{"start":{"line":36,"column":44},"end":{"line":36,"column":46}}]},"2":{"loc":{"start":{"line":40,"column":6},"end":{"line":43,"column":7}},"type":"if","locations":[{"start":{"line":40,"column":6},"end":{"line":43,"column":7}}]},"3":{"loc":{"start":{"line":42,"column":15},"end":{"line":42,"column":42}},"type":"binary-expr","locations":[{"start":{"line":42,"column":15},"end":{"line":42,"column":36}},{"start":{"line":42,"column":40},"end":{"line":42,"column":42}}]},"4":{"loc":{"start":{"line":57,"column":44},"end":{"line":57,"column":98}},"type":"cond-expr","locations":[{"start":{"line":57,"column":69},"end":{"line":57,"column":82}},{"start":{"line":57,"column":85},"end":{"line":57,"column":98}}]},"5":{"loc":{"start":{"line":71,"column":4},"end":{"line":73,"column":5}},"type":"if","locations":[{"start":{"line":71,"column":4},"end":{"line":73,"column":5}}]},"6":{"loc":{"start":{"line":78,"column":6},"end":{"line":80,"column":7}},"type":"if","locations":[{"start":{"line":78,"column":6},"end":{"line":80,"column":7}}]},"7":{"loc":{"start":{"line":82,"column":6},"end":{"line":84,"column":7}},"type":"if","locations":[{"start":{"line":82,"column":6},"end":{"line":84,"column":7}}]},"8":{"loc":{"start":{"line":87,"column":6},"end":{"line":89,"column":7}},"type":"if","locations":[{"start":{"line":87,"column":6},"end":{"line":89,"column":7}}]},"9":{"loc":{"start":{"line":87,"column":10},"end":{"line":87,"column":90}},"type":"binary-expr","locations":[{"start":{"line":87,"column":11},"end":{"line":87,"column":40}},{"start":{"line":87,"column":44},"end":{"line":87,"column":73}},{"start":{"line":87,"column":78},"end":{"line":87,"column":90}}]},"10":{"loc":{"start":{"line":96,"column":39},"end":{"line":96,"column":93}},"type":"cond-expr","locations":[{"start":{"line":96,"column":64},"end":{"line":96,"column":77}},{"start":{"line":96,"column":80},"end":{"line":96,"column":93}}]},"11":{"loc":{"start":{"line":107,"column":2},"end":{"line":109,"column":3}},"type":"if","locations":[{"start":{"line":107,"column":2},"end":{"line":109,"column":3}}]},"12":{"loc":{"start":{"line":117,"column":4},"end":{"line":117,"column":89}},"type":"cond-expr","locations":[{"start":{"line":117,"column":22},"end":{"line":117,"column":84}},{"start":{"line":117,"column":87},"end":{"line":117,"column":89}}]},"13":{"loc":{"start":{"line":117,"column":44},"end":{"line":117,"column":72}},"type":"cond-expr","locations":[{"start":{"line":117,"column":64},"end":{"line":117,"column":67}},{"start":{"line":117,"column":70},"end":{"line":117,"column":72}}]},"14":{"loc":{"start":{"line":118,"column":4},"end":{"line":118,"column":89}},"type":"cond-expr","locations":[{"start":{"line":118,"column":22},"end":{"line":118,"column":84}},{"start":{"line":118,"column":87},"end":{"line":118,"column":89}}]},"15":{"loc":{"start":{"line":118,"column":44},"end":{"line":118,"column":72}},"type":"cond-expr","locations":[{"start":{"line":118,"column":64},"end":{"line":118,"column":67}},{"start":{"line":118,"column":70},"end":{"line":118,"column":72}}]},"16":{"loc":{"start":{"line":119,"column":4},"end":{"line":119,"column":89}},"type":"cond-expr","locations":[{"start":{"line":119,"column":22},"end":{"line":119,"column":84}},{"start":{"line":119,"column":87},"end":{"line":119,"column":89}}]},"17":{"loc":{"start":{"line":119,"column":44},"end":{"line":119,"column":72}},"type":"cond-expr","locations":[{"start":{"line":119,"column":64},"end":{"line":119,"column":67}},{"start":{"line":119,"column":70},"end":{"line":119,"column":72}}]}},"s":{"0":1,"1":1,"2":1,"3":1,"4":5,"5":5,"6":5,"7":5,"8":5,"9":5,"10":5,"11":17,"12":17,"13":17,"14":17,"15":17,"16":17,"17":17,"18":17,"19":14,"20":14,"21":17,"22":5,"23":0,"24":0,"25":3,"26":3,"27":3,"28":0,"29":3,"30":7,"31":1,"32":6,"33":0,"34":6,"35":1,"36":1,"37":0,"38":2,"39":1,"40":1,"41":5,"42":1,"43":5,"44":1,"45":5,"46":1,"47":1},"f":{"0":5,"1":3,"2":2,"3":5,"4":5,"5":5},"b":{"0":[17,0],"1":[17,1],"2":[14],"3":[14,2],"4":[0,0],"5":[0],"6":[1],"7":[0],"8":[1],"9":[6,3,5],"10":[0,0],"11":[1],"12":[1,0],"13":[1,0],"14":[1,0],"15":[1,0],"16":[1,0],"17":[0,1]}}
,"/Users/nicobailon/Documents/development/pastemax-ultra/src/utils/xmlTemplates.ts": {"path":"/Users/nicobailon/Documents/development/pastemax-ultra/src/utils/xmlTemplates.ts","statementMap":{"0":{"start":{"line":1,"column":13},"end":{"line":81,"column":32}}},"fnMap":{},"branchMap":{},"s":{"0":0},"f":{},"b":{}}
,"/Users/nicobailon/Documents/development/pastemax-ultra/src/utils/xmlUtils.ts": {"path":"/Users/nicobailon/Documents/development/pastemax-ultra/src/utils/xmlUtils.ts","statementMap":{"0":{"start":{"line":9,"column":0},"end":{"line":9,"column":16}},"1":{"start":{"line":77,"column":0},"end":{"line":77,"column":16}},"2":{"start":{"line":1,"column":0},"end":{"line":1,"column":43}},"3":{"start":{"line":10,"column":2},"end":{"line":68,"column":3}},"4":{"start":{"line":11,"column":19},"end":{"line":11,"column":34}},"5":{"start":{"line":12,"column":16},"end":{"line":12,"column":61}},"6":{"start":{"line":15,"column":29},"end":{"line":15,"column":73}},"7":{"start":{"line":16,"column":4},"end":{"line":19,"column":5}},"8":{"start":{"line":17,"column":6},"end":{"line":17,"column":63}},"9":{"start":{"line":18,"column":6},"end":{"line":18,"column":18}},"10":{"start":{"line":21,"column":22},"end":{"line":21,"column":67}},"11":{"start":{"line":22,"column":4},"end":{"line":25,"column":5}},"12":{"start":{"line":23,"column":6},"end":{"line":23,"column":67}},"13":{"start":{"line":24,"column":6},"end":{"line":24,"column":18}},"14":{"start":{"line":27,"column":34},"end":{"line":27,"column":36}},"15":{"start":{"line":29,"column":4},"end":{"line":62,"column":5}},"16":{"start":{"line":29,"column":17},"end":{"line":29,"column":18}},"17":{"start":{"line":30,"column":23},"end":{"line":30,"column":35}},"18":{"start":{"line":33,"column":27},"end":{"line":33,"column":72}},"19":{"start":{"line":34,"column":22},"end":{"line":34,"column":86}},"20":{"start":{"line":37,"column":29},"end":{"line":37,"column":76}},"21":{"start":{"line":38,"column":6},"end":{"line":41,"column":7}},"22":{"start":{"line":39,"column":8},"end":{"line":39,"column":71}},"23":{"start":{"line":40,"column":8},"end":{"line":40,"column":17}},"24":{"start":{"line":42,"column":24},"end":{"line":42,"column":87}},"25":{"start":{"line":45,"column":24},"end":{"line":45,"column":66}},"26":{"start":{"line":46,"column":6},"end":{"line":49,"column":7}},"27":{"start":{"line":47,"column":8},"end":{"line":47,"column":66}},"28":{"start":{"line":48,"column":8},"end":{"line":48,"column":17}},"29":{"start":{"line":50,"column":19},"end":{"line":50,"column":49}},"30":{"start":{"line":53,"column":24},"end":{"line":53,"column":66}},"31":{"start":{"line":54,"column":19},"end":{"line":54,"column":84}},"32":{"start":{"line":56,"column":6},"end":{"line":61,"column":9}},"33":{"start":{"line":64,"column":4},"end":{"line":64,"column":19}},"34":{"start":{"line":66,"column":4},"end":{"line":66,"column":47}},"35":{"start":{"line":67,"column":4},"end":{"line":67,"column":16}},"36":{"start":{"line":78,"column":2},"end":{"line":80,"column":3}},"37":{"start":{"line":79,"column":4},"end":{"line":79,"column":33}},"38":{"start":{"line":82,"column":18},"end":{"line":84,"column":15}},"39":{"start":{"line":83,"column":4},"end":{"line":83,"column":69}},"40":{"start":{"line":86,"column":2},"end":{"line":86,"column":60}}},"fnMap":{"0":{"name":"parseXmlString","decl":{"start":{"line":9,"column":16},"end":{"line":9,"column":30}},"loc":{"start":{"line":9,"column":48},"end":{"line":69,"column":1}}},"1":{"name":"formatOutputWithXmlInstructions","decl":{"start":{"line":77,"column":16},"end":{"line":77,"column":47}},"loc":{"start":{"line":77,"column":91},"end":{"line":87,"column":1}}},"2":{"name":"(anonymous_2)","decl":{"start":{"line":82,"column":30},"end":{"line":82,"column":36}},"loc":{"start":{"line":82,"column":39},"end":{"line":84,"column":3}}}},"branchMap":{"0":{"loc":{"start":{"line":16,"column":4},"end":{"line":19,"column":5}},"type":"if","locations":[{"start":{"line":16,"column":4},"end":{"line":19,"column":5}}]},"1":{"loc":{"start":{"line":22,"column":4},"end":{"line":25,"column":5}},"type":"if","locations":[{"start":{"line":22,"column":4},"end":{"line":25,"column":5}}]},"2":{"loc":{"start":{"line":22,"column":8},"end":{"line":22,"column":44}},"type":"binary-expr","locations":[{"start":{"line":22,"column":8},"end":{"line":22,"column":18}},{"start":{"line":22,"column":22},"end":{"line":22,"column":44}}]},"3":{"loc":{"start":{"line":34,"column":22},"end":{"line":34,"column":86}},"type":"cond-expr","locations":[{"start":{"line":34,"column":48},"end":{"line":34,"column":81}},{"start":{"line":34,"column":84},"end":{"line":34,"column":86}}]},"4":{"loc":{"start":{"line":34,"column":48},"end":{"line":34,"column":81}},"type":"binary-expr","locations":[{"start":{"line":34,"column":48},"end":{"line":34,"column":75}},{"start":{"line":34,"column":79},"end":{"line":34,"column":81}}]},"5":{"loc":{"start":{"line":38,"column":6},"end":{"line":41,"column":7}},"type":"if","locations":[{"start":{"line":38,"column":6},"end":{"line":41,"column":7}}]},"6":{"loc":{"start":{"line":38,"column":10},"end":{"line":38,"column":56}},"type":"binary-expr","locations":[{"start":{"line":38,"column":10},"end":{"line":38,"column":25}},{"start":{"line":38,"column":29},"end":{"line":38,"column":56}}]},"7":{"loc":{"start":{"line":46,"column":6},"end":{"line":49,"column":7}},"type":"if","locations":[{"start":{"line":46,"column":6},"end":{"line":49,"column":7}}]},"8":{"loc":{"start":{"line":46,"column":10},"end":{"line":46,"column":46}},"type":"binary-expr","locations":[{"start":{"line":46,"column":10},"end":{"line":46,"column":20}},{"start":{"line":46,"column":24},"end":{"line":46,"column":46}}]},"9":{"loc":{"start":{"line":50,"column":19},"end":{"line":50,"column":49}},"type":"binary-expr","locations":[{"start":{"line":50,"column":19},"end":{"line":50,"column":43}},{"start":{"line":50,"column":47},"end":{"line":50,"column":49}}]},"10":{"loc":{"start":{"line":54,"column":19},"end":{"line":54,"column":84}},"type":"cond-expr","locations":[{"start":{"line":54,"column":42},"end":{"line":54,"column":72}},{"start":{"line":54,"column":75},"end":{"line":54,"column":84}}]},"11":{"loc":{"start":{"line":54,"column":42},"end":{"line":54,"column":72}},"type":"binary-expr","locations":[{"start":{"line":54,"column":42},"end":{"line":54,"column":66}},{"start":{"line":54,"column":70},"end":{"line":54,"column":72}}]},"12":{"loc":{"start":{"line":78,"column":2},"end":{"line":80,"column":3}},"type":"if","locations":[{"start":{"line":78,"column":2},"end":{"line":80,"column":3}}]},"13":{"loc":{"start":{"line":78,"column":6},"end":{"line":78,"column":38}},"type":"binary-expr","locations":[{"start":{"line":78,"column":6},"end":{"line":78,"column":14}},{"start":{"line":78,"column":18},"end":{"line":78,"column":38}}]}},"s":{"0":0,"1":0,"2":0,"3":0,"4":0,"5":0,"6":0,"7":0,"8":0,"9":0,"10":0,"11":0,"12":0,"13":0,"14":0,"15":0,"16":0,"17":0,"18":0,"19":0,"20":0,"21":0,"22":0,"23":0,"24":0,"25":0,"26":0,"27":0,"28":0,"29":0,"30":0,"31":0,"32":0,"33":0,"34":0,"35":0,"36":0,"37":0,"38":0,"39":0,"40":0},"f":{"0":0,"1":0,"2":0},"b":{"0":[0],"1":[0],"2":[0,0],"3":[0,0],"4":[0,0],"5":[0],"6":[0,0],"7":[0],"8":[0,0],"9":[0,0],"10":[0,0],"11":[0,0],"12":[0],"13":[0,0]}}
}
