TN:
SF:src/App.tsx
FN:39,(anonymous_1)
FN:85,(anonymous_2)
FN:99,(anonymous_3)
FN:108,(anonymous_4)
FN:116,(anonymous_5)
FN:121,(anonymous_6)
FN:126,(anonymous_7)
FN:131,(anonymous_8)
FN:152,(anonymous_9)
FN:158,(anonymous_10)
FN:179,(anonymous_11)
FN:193,(anonymous_12)
FN:196,(anonymous_13)
FN:201,(anonymous_14)
FN:216,(anonymous_15)
FN:232,(anonymous_16)
FN:243,(anonymous_17)
FN:254,(anonymous_18)
FN:262,(anonymous_19)
FN:280,(anonymous_20)
FN:281,(anonymous_21)
FN:283,(anonymous_22)
FN:291,(anonymous_23)
FN:293,(anonymous_24)
FN:299,(anonymous_25)
FN:300,(anonymous_26)
FN:302,(anonymous_27)
FN:311,(anonymous_28)
FN:313,(anonymous_29)
FN:314,(anonymous_30)
FN:321,(anonymous_31)
FN:328,(anonymous_32)
FN:334,(anonymous_33)
FN:339,(anonymous_34)
FN:340,(anonymous_35)
FN:341,(anonymous_36)
FN:347,(anonymous_37)
FN:351,(anonymous_38)
FN:352,(anonymous_39)
FN:379,(anonymous_40)
FN:384,(anonymous_41)
FN:385,(anonymous_42)
FN:389,(anonymous_43)
FN:396,(anonymous_44)
FN:465,(anonymous_45)
FN:467,(anonymous_46)
FN:468,(anonymous_47)
FN:470,(anonymous_48)
FN:472,(anonymous_49)
FN:482,(anonymous_50)
FN:483,(anonymous_51)
FN:484,(anonymous_52)
FN:485,(anonymous_53)
FN:498,(anonymous_54)
FN:499,(anonymous_55)
FN:538,(anonymous_56)
FN:584,(anonymous_57)
FN:589,(anonymous_58)
FN:595,(anonymous_59)
FN:645,(anonymous_60)
FNF:60
FNH:0
FNDA:0,(anonymous_1)
FNDA:0,(anonymous_2)
FNDA:0,(anonymous_3)
FNDA:0,(anonymous_4)
FNDA:0,(anonymous_5)
FNDA:0,(anonymous_6)
FNDA:0,(anonymous_7)
FNDA:0,(anonymous_8)
FNDA:0,(anonymous_9)
FNDA:0,(anonymous_10)
FNDA:0,(anonymous_11)
FNDA:0,(anonymous_12)
FNDA:0,(anonymous_13)
FNDA:0,(anonymous_14)
FNDA:0,(anonymous_15)
FNDA:0,(anonymous_16)
FNDA:0,(anonymous_17)
FNDA:0,(anonymous_18)
FNDA:0,(anonymous_19)
FNDA:0,(anonymous_20)
FNDA:0,(anonymous_21)
FNDA:0,(anonymous_22)
FNDA:0,(anonymous_23)
FNDA:0,(anonymous_24)
FNDA:0,(anonymous_25)
FNDA:0,(anonymous_26)
FNDA:0,(anonymous_27)
FNDA:0,(anonymous_28)
FNDA:0,(anonymous_29)
FNDA:0,(anonymous_30)
FNDA:0,(anonymous_31)
FNDA:0,(anonymous_32)
FNDA:0,(anonymous_33)
FNDA:0,(anonymous_34)
FNDA:0,(anonymous_35)
FNDA:0,(anonymous_36)
FNDA:0,(anonymous_37)
FNDA:0,(anonymous_38)
FNDA:0,(anonymous_39)
FNDA:0,(anonymous_40)
FNDA:0,(anonymous_41)
FNDA:0,(anonymous_42)
FNDA:0,(anonymous_43)
FNDA:0,(anonymous_44)
FNDA:0,(anonymous_45)
FNDA:0,(anonymous_46)
FNDA:0,(anonymous_47)
FNDA:0,(anonymous_48)
FNDA:0,(anonymous_49)
FNDA:0,(anonymous_50)
FNDA:0,(anonymous_51)
FNDA:0,(anonymous_52)
FNDA:0,(anonymous_53)
FNDA:0,(anonymous_54)
FNDA:0,(anonymous_55)
FNDA:0,(anonymous_56)
FNDA:0,(anonymous_57)
FNDA:0,(anonymous_58)
FNDA:0,(anonymous_59)
FNDA:0,(anonymous_60)
DA:1,0
DA:2,0
DA:3,0
DA:4,0
DA:6,0
DA:7,0
DA:8,0
DA:9,0
DA:10,0
DA:11,0
DA:30,0
DA:39,0
DA:41,0
DA:42,0
DA:43,0
DA:44,0
DA:46,0
DA:49,0
DA:50,0
DA:53,0
DA:56,0
DA:57,0
DA:60,0
DA:61,0
DA:68,0
DA:69,0
DA:70,0
DA:73,0
DA:76,0
DA:79,0
DA:82,0
DA:85,0
DA:86,0
DA:89,0
DA:90,0
DA:91,0
DA:93,0
DA:99,0
DA:100,0
DA:101,0
DA:103,0
DA:108,0
DA:109,0
DA:116,0
DA:117,0
DA:121,0
DA:122,0
DA:126,0
DA:127,0
DA:131,0
DA:132,0
DA:135,0
DA:136,0
DA:138,0
DA:139,0
DA:143,0
DA:146,0
DA:152,0
DA:153,0
DA:154,0
DA:155,0
DA:158,0
DA:160,0
DA:161,0
DA:162,0
DA:164,0
DA:165,0
DA:169,0
DA:171,0
DA:172,0
DA:179,0
DA:180,0
DA:181,0
DA:182,0
DA:188,0
DA:191,0
DA:194,0
DA:196,0
DA:198,0
DA:201,0
DA:205,0
DA:206,0
DA:209,0
DA:210,0
DA:211,0
DA:216,0
DA:217,0
DA:221,0
DA:225,0
DA:232,0
DA:233,0
DA:234,0
DA:235,0
DA:236,0
DA:238,0
DA:243,0
DA:248,0
DA:251,0
DA:252,0
DA:253,0
DA:255,0
DA:261,0
DA:262,0
DA:263,0
DA:265,0
DA:266,0
DA:267,0
DA:268,0
DA:269,0
DA:270,0
DA:273,0
DA:276,0
DA:280,0
DA:281,0
DA:282,0
DA:283,0
DA:285,0
DA:291,0
DA:292,0
DA:294,0
DA:297,0
DA:299,0
DA:300,0
DA:301,0
DA:302,0
DA:303,0
DA:304,0
DA:307,0
DA:311,0
DA:312,0
DA:314,0
DA:321,0
DA:322,0
DA:323,0
DA:324,0
DA:328,0
DA:329,0
DA:330,0
DA:334,0
DA:335,0
DA:339,0
DA:340,0
DA:341,0
DA:342,0
DA:347,0
DA:349,0
DA:350,0
DA:351,0
DA:353,0
DA:355,0
DA:356,0
DA:357,0
DA:358,0
DA:359,0
DA:360,0
DA:363,0
DA:366,0
DA:367,0
DA:371,0
DA:374,0
DA:375,0
DA:377,0
DA:379,0
DA:380,0
DA:382,0
DA:383,0
DA:384,0
DA:385,0
DA:387,0
DA:389,0
DA:392,0
DA:393,0
DA:396,0
DA:398,0
DA:399,0
DA:402,0
DA:403,0
DA:404,0
DA:408,0
DA:411,0
DA:413,0
DA:414,0
DA:415,0
DA:416,0
DA:417,0
DA:418,0
DA:419,0
DA:420,0
DA:421,0
DA:422,0
DA:423,0
DA:424,0
DA:427,0
DA:428,0
DA:429,0
DA:430,0
DA:431,0
DA:432,0
DA:433,0
DA:434,0
DA:435,0
DA:436,0
DA:437,0
DA:440,0
DA:441,0
DA:442,0
DA:443,0
DA:444,0
DA:445,0
DA:446,0
DA:449,0
DA:452,0
DA:455,0
DA:459,0
DA:461,0
DA:465,0
DA:466,0
DA:467,0
DA:468,0
DA:470,0
DA:471,0
DA:472,0
DA:473,0
DA:474,0
DA:477,0
DA:482,0
DA:483,0
DA:484,0
DA:485,0
DA:490,0
DA:498,0
DA:499,0
DA:500,0
DA:506,0
DA:511,0
DA:515,0
DA:538,0
DA:584,0
DA:590,0
DA:595,0
DA:645,0
DA:653,0
LF:242
LH:0
BRDA:51,0,0,0
BRDA:51,0,1,0
BRDA:54,1,0,0
BRDA:54,1,1,0
BRDA:56,2,0,0
BRDA:56,2,1,0
BRDA:70,3,0,0
BRDA:70,3,1,0
BRDA:89,4,0,0
BRDA:100,5,0,0
BRDA:100,5,1,0
BRDA:132,6,0,0
BRDA:132,7,0,0
BRDA:132,7,1,0
BRDA:136,8,0,0
BRDA:153,9,0,0
BRDA:160,10,0,0
BRDA:160,10,1,0
BRDA:194,11,0,0
BRDA:194,11,1,0
BRDA:194,11,2,0
BRDA:233,12,0,0
BRDA:233,12,1,0
BRDA:251,13,0,0
BRDA:255,14,0,0
BRDA:255,14,1,0
BRDA:265,15,0,0
BRDA:265,15,1,0
BRDA:267,16,0,0
BRDA:267,16,1,0
BRDA:269,17,0,0
BRDA:273,18,0,0
BRDA:273,18,1,0
BRDA:282,19,0,0
BRDA:282,19,1,0
BRDA:294,20,0,0
BRDA:294,20,1,0
BRDA:294,20,2,0
BRDA:297,21,0,0
BRDA:297,21,1,0
BRDA:303,22,0,0
BRDA:342,23,0,0
BRDA:342,23,1,0
BRDA:355,24,0,0
BRDA:355,24,1,0
BRDA:357,25,0,0
BRDA:357,25,1,0
BRDA:359,26,0,0
BRDA:363,27,0,0
BRDA:363,27,1,0
BRDA:366,28,0,0
BRDA:374,29,0,0
BRDA:374,30,0,0
BRDA:374,30,1,0
BRDA:377,31,0,0
BRDA:377,31,1,0
BRDA:380,32,0,0
BRDA:380,32,1,0
BRDA:387,33,0,0
BRDA:399,34,0,0
BRDA:399,34,1,0
BRDA:403,35,0,0
BRDA:403,36,0,0
BRDA:403,36,1,0
BRDA:408,37,0,0
BRDA:408,37,1,0
BRDA:413,38,0,0
BRDA:413,38,1,0
BRDA:414,39,0,0
BRDA:414,39,1,0
BRDA:415,40,0,0
BRDA:415,40,1,0
BRDA:416,41,0,0
BRDA:416,41,1,0
BRDA:417,42,0,0
BRDA:417,42,1,0
BRDA:418,43,0,0
BRDA:418,43,1,0
BRDA:418,44,0,0
BRDA:418,44,1,0
BRDA:419,45,0,0
BRDA:419,45,1,0
BRDA:420,46,0,0
BRDA:420,46,1,0
BRDA:421,47,0,0
BRDA:421,47,1,0
BRDA:422,48,0,0
BRDA:422,48,1,0
BRDA:423,49,0,0
BRDA:423,49,1,0
BRDA:424,50,0,0
BRDA:424,50,1,0
BRDA:427,51,0,0
BRDA:427,51,1,0
BRDA:428,52,0,0
BRDA:428,52,1,0
BRDA:429,53,0,0
BRDA:429,53,1,0
BRDA:430,54,0,0
BRDA:430,54,1,0
BRDA:431,55,0,0
BRDA:431,55,1,0
BRDA:432,56,0,0
BRDA:432,56,1,0
BRDA:433,57,0,0
BRDA:433,57,1,0
BRDA:434,58,0,0
BRDA:434,58,1,0
BRDA:435,59,0,0
BRDA:435,59,1,0
BRDA:435,60,0,0
BRDA:435,60,1,0
BRDA:436,61,0,0
BRDA:436,61,1,0
BRDA:436,62,0,0
BRDA:436,62,1,0
BRDA:437,63,0,0
BRDA:437,63,1,0
BRDA:437,64,0,0
BRDA:437,64,1,0
BRDA:437,64,2,0
BRDA:437,64,3,0
BRDA:440,65,0,0
BRDA:440,65,1,0
BRDA:440,66,0,0
BRDA:440,66,1,0
BRDA:441,67,0,0
BRDA:441,67,1,0
BRDA:442,68,0,0
BRDA:442,68,1,0
BRDA:442,69,0,0
BRDA:442,69,1,0
BRDA:443,70,0,0
BRDA:443,70,1,0
BRDA:443,71,0,0
BRDA:443,71,1,0
BRDA:444,72,0,0
BRDA:444,72,1,0
BRDA:445,73,0,0
BRDA:445,73,1,0
BRDA:446,74,0,0
BRDA:446,74,1,0
BRDA:446,75,0,0
BRDA:446,75,1,0
BRDA:449,76,0,0
BRDA:449,76,1,0
BRDA:452,77,0,0
BRDA:467,78,0,0
BRDA:467,78,1,0
BRDA:473,79,0,0
BRDA:502,80,0,0
BRDA:502,80,1,0
BRDA:523,81,0,0
BRDA:523,81,1,0
BRDA:535,82,0,0
BRDA:535,82,1,0
BRDA:547,83,0,0
BRDA:547,83,1,0
BRDA:554,84,0,0
BRDA:554,84,1,0
BRDA:558,85,0,0
BRDA:558,85,1,0
BRDA:584,86,0,0
BRDA:584,86,1,0
BRDA:587,87,0,0
BRDA:587,87,1,0
BRDA:593,88,0,0
BRDA:593,88,1,0
BRDA:642,89,0,0
BRDA:642,89,1,0
BRDA:642,89,2,0
BRF:171
BRH:0
end_of_record
TN:
SF:src/components/ApplyChangesModal.tsx
FN:8,ApplyChangesModal
FN:13,(anonymous_1)
FN:29,(anonymous_2)
FN:31,(anonymous_3)
FN:51,(anonymous_4)
FN:74,(anonymous_5)
FNF:6
FNH:6
FNDA:15,ApplyChangesModal
FNDA:3,(anonymous_1)
FNDA:7,(anonymous_2)
FNDA:2,(anonymous_3)
FNDA:7,(anonymous_4)
FNDA:3,(anonymous_5)
DA:1,1
DA:8,1
DA:9,15
DA:10,15
DA:11,15
DA:13,15
DA:14,3
DA:15,0
DA:16,0
DA:19,3
DA:20,3
DA:23,3
DA:29,15
DA:31,7
DA:36,2
DA:38,2
DA:39,1
DA:41,1
DA:43,1
DA:48,7
DA:51,7
DA:52,7
DA:56,15
DA:74,3
LF:24
LH:22
BRDA:14,0,0,0
BRDA:38,1,0,1
BRDA:38,1,1,1
BRDA:39,2,0,1
BRDA:39,2,1,0
BRDA:43,3,0,1
BRDA:43,3,1,0
BRDA:80,4,0,15
BRDA:80,4,1,5
BRDA:81,5,0,1
BRDA:81,5,1,4
BRDA:81,6,0,1
BRDA:81,6,1,3
BRDA:91,7,0,15
BRDA:91,7,1,7
BRDA:93,8,0,3
BRDA:93,8,1,12
BRF:17
BRH:14
end_of_record
TN:
SF:src/components/CopyButton.tsx
FN:10,(anonymous_0)
FN:13,(anonymous_1)
FN:19,(anonymous_2)
FNF:3
FNH:0
FNDA:0,(anonymous_0)
FNDA:0,(anonymous_1)
FNDA:0,(anonymous_2)
DA:1,0
DA:2,0
DA:10,0
DA:11,0
DA:13,0
DA:14,0
DA:15,0
DA:16,0
DA:19,0
DA:20,0
DA:23,0
DA:28,0
DA:32,0
DA:46,0
LF:14
LH:0
BRDA:10,0,0,0
BRDA:37,1,0,0
BRDA:37,1,1,0
BRDA:40,2,0,0
BRDA:40,2,1,0
BRF:5
BRH:0
end_of_record
TN:
SF:src/components/FileCard.tsx
FN:17,(anonymous_1)
FN:42,(anonymous_2)
FNF:2
FNH:0
FNDA:0,(anonymous_1)
FNDA:0,(anonymous_2)
DA:3,0
DA:4,0
DA:17,0
DA:22,0
DA:25,0
DA:27,0
DA:42,0
DA:55,0
LF:8
LH:0
BRDA:28,0,0,0
BRDA:28,0,1,0
BRDA:43,1,0,0
BRDA:43,1,1,0
BRDA:45,2,0,0
BRDA:45,2,1,0
BRF:6
BRH:0
end_of_record
TN:
SF:src/components/FileList.tsx
FN:5,(anonymous_1)
FN:12,(anonymous_2)
FN:20,(anonymous_3)
FNF:3
FNH:0
FNDA:0,(anonymous_1)
FNDA:0,(anonymous_2)
FNDA:0,(anonymous_3)
DA:3,0
DA:5,0
DA:11,0
DA:13,0
DA:16,0
DA:21,0
DA:40,0
LF:7
LH:0
BRDA:13,0,0,0
BRDA:13,0,1,0
BRDA:13,0,2,0
BRDA:18,1,0,0
BRDA:18,1,1,0
BRDA:31,2,0,0
BRDA:31,2,1,0
BRF:7
BRH:0
end_of_record
TN:
SF:src/components/FileTreeToggle.tsx
FN:16,(anonymous_0)
FN:19,(anonymous_1)
FN:23,(anonymous_2)
FN:33,getTooltipText
FNF:4
FNH:0
FNDA:0,(anonymous_0)
FNDA:0,(anonymous_1)
FNDA:0,(anonymous_2)
FNDA:0,getTooltipText
DA:9,0
DA:16,0
DA:17,0
DA:20,0
DA:23,0
DA:34,0
DA:36,0
DA:38,0
DA:40,0
DA:42,0
DA:44,0
DA:48,0
LF:12
LH:0
BRDA:22,0,0,0
BRDA:22,0,1,0
BRDA:34,1,0,0
BRDA:34,1,1,0
BRDA:34,1,2,0
BRDA:34,1,3,0
BRDA:34,1,4,0
BRF:7
BRH:0
end_of_record
TN:
SF:src/components/SearchBar.tsx
FN:10,(anonymous_0)
FN:27,(anonymous_1)
FN:28,(anonymous_2)
FN:29,(anonymous_3)
FN:34,(anonymous_4)
FNF:5
FNH:0
FNDA:0,(anonymous_0)
FNDA:0,(anonymous_1)
FNDA:0,(anonymous_2)
FNDA:0,(anonymous_3)
FNDA:0,(anonymous_4)
DA:1,0
DA:2,0
DA:10,0
DA:15,0
DA:17,0
DA:27,0
DA:28,0
DA:29,0
DA:34,0
DA:44,0
LF:10
LH:0
BRDA:13,0,0,0
BRDA:18,1,0,0
BRDA:18,1,1,0
BRDA:31,2,0,0
BRDA:31,2,1,0
BRF:5
BRH:0
end_of_record
TN:
SF:src/components/Sidebar.tsx
FN:12,(anonymous_1)
FN:36,(anonymous_2)
FN:42,(anonymous_3)
FN:43,(anonymous_4)
FN:52,(anonymous_5)
FN:59,(anonymous_6)
FN:66,(anonymous_7)
FN:73,(anonymous_8)
FN:82,(anonymous_9)
FN:134,(anonymous_10)
FN:138,(anonymous_11)
FN:152,(anonymous_12)
FN:177,(anonymous_13)
FN:202,(anonymous_14)
FN:206,(anonymous_15)
FN:210,(anonymous_16)
FN:211,(anonymous_17)
FN:228,(anonymous_18)
FN:232,(anonymous_19)
FN:235,(anonymous_20)
FN:249,(anonymous_21)
FN:255,(anonymous_22)
FN:271,(anonymous_23)
FN:315,(anonymous_24)
FNF:24
FNH:0
FNDA:0,(anonymous_1)
FNDA:0,(anonymous_2)
FNDA:0,(anonymous_3)
FNDA:0,(anonymous_4)
FNDA:0,(anonymous_5)
FNDA:0,(anonymous_6)
FNDA:0,(anonymous_7)
FNDA:0,(anonymous_8)
FNDA:0,(anonymous_9)
FNDA:0,(anonymous_10)
FNDA:0,(anonymous_11)
FNDA:0,(anonymous_12)
FNDA:0,(anonymous_13)
FNDA:0,(anonymous_14)
FNDA:0,(anonymous_15)
FNDA:0,(anonymous_16)
FNDA:0,(anonymous_17)
FNDA:0,(anonymous_18)
FNDA:0,(anonymous_19)
FNDA:0,(anonymous_20)
FNDA:0,(anonymous_21)
FNDA:0,(anonymous_22)
FNDA:0,(anonymous_23)
FNDA:0,(anonymous_24)
DA:1,0
DA:3,0
DA:4,0
DA:12,0
DA:26,0
DA:27,0
DA:28,0
DA:29,0
DA:32,0
DA:33,0
DA:36,0
DA:37,0
DA:38,0
DA:42,0
DA:43,0
DA:44,0
DA:45,0
DA:46,0
DA:47,0
DA:52,0
DA:53,0
DA:56,0
DA:57,0
DA:59,0
DA:60,0
DA:61,0
DA:66,0
DA:67,0
DA:68,0
DA:69,0
DA:70,0
DA:73,0
DA:74,0
DA:75,0
DA:77,0
DA:79,0
DA:82,0
DA:83,0
DA:86,0
DA:92,0
DA:93,0
DA:94,0
DA:97,0
DA:98,0
DA:99,0
DA:101,0
DA:102,0
DA:106,0
DA:108,0
DA:118,0
DA:119,0
DA:128,0
DA:134,0
DA:138,0
DA:139,0
DA:141,0
DA:142,0
DA:144,0
DA:146,0
DA:150,0
DA:154,0
DA:155,0
DA:158,0
DA:159,0
DA:160,0
DA:161,0
DA:165,0
DA:174,0
DA:177,0
DA:178,0
DA:179,0
DA:182,0
DA:183,0
DA:184,0
DA:185,0
DA:188,0
DA:191,0
DA:192,0
DA:194,0
DA:195,0
DA:196,0
DA:201,0
DA:202,0
DA:206,0
DA:207,0
DA:210,0
DA:211,0
DA:212,0
DA:214,0
DA:218,0
DA:224,0
DA:228,0
DA:232,0
DA:233,0
DA:235,0
DA:237,0
DA:240,0
DA:241,0
DA:245,0
DA:249,0
DA:250,0
DA:252,0
DA:255,0
DA:257,0
DA:260,0
DA:263,0
DA:264,0
DA:267,0
DA:271,0
DA:273,0
DA:274,0
DA:280,0
DA:285,0
DA:287,0
DA:316,0
DA:348,0
LF:116
LH:0
BRDA:44,0,0,0
BRDA:46,1,0,0
BRDA:46,2,0,0
BRDA:46,2,1,0
BRDA:67,3,0,0
BRDA:83,4,0,0
BRDA:86,5,0,0
BRDA:86,5,1,0
BRDA:86,6,0,0
BRDA:86,6,1,0
BRDA:99,7,0,0
BRDA:101,8,0,0
BRDA:101,8,1,0
BRDA:102,9,0,0
BRDA:102,9,1,0
BRDA:106,10,0,0
BRDA:106,10,1,0
BRDA:118,11,0,0
BRDA:136,12,0,0
BRDA:141,13,0,0
BRDA:141,13,1,0
BRDA:146,14,0,0
BRDA:146,14,1,0
BRDA:154,15,0,0
BRDA:154,16,0,0
BRDA:154,16,1,0
BRDA:155,17,0,0
BRDA:155,18,0,0
BRDA:155,18,1,0
BRDA:158,19,0,0
BRDA:158,20,0,0
BRDA:158,20,1,0
BRDA:159,21,0,0
BRDA:159,21,1,0
BRDA:160,22,0,0
BRDA:160,22,1,0
BRDA:178,23,0,0
BRDA:178,24,0,0
BRDA:178,24,1,0
BRDA:179,25,0,0
BRDA:179,26,0,0
BRDA:179,26,1,0
BRDA:182,27,0,0
BRDA:182,28,0,0
BRDA:182,28,1,0
BRDA:183,29,0,0
BRDA:183,29,1,0
BRDA:184,30,0,0
BRDA:184,30,1,0
BRDA:207,31,0,0
BRDA:212,32,0,0
BRDA:214,33,0,0
BRDA:214,33,1,0
BRDA:221,34,0,0
BRDA:221,34,1,0
BRDA:240,35,0,0
BRDA:240,36,0,0
BRDA:240,36,1,0
BRDA:240,36,2,0
BRDA:250,37,0,0
BRDA:257,38,0,0
BRDA:260,39,0,0
BRDA:263,40,0,0
BRDA:273,41,0,0
BRDA:273,42,0,0
BRDA:273,42,1,0
BRDA:311,43,0,0
BRDA:311,43,1,0
BRDA:312,44,0,0
BRDA:312,44,1,0
BRDA:314,45,0,0
BRDA:314,45,1,0
BRF:72
BRH:0
end_of_record
TN:
SF:src/components/ThemeToggle.tsx
FN:5,(anonymous_0)
FN:12,(anonymous_1)
FN:19,(anonymous_2)
FN:26,(anonymous_3)
FNF:4
FNH:0
FNDA:0,(anonymous_0)
FNDA:0,(anonymous_1)
FNDA:0,(anonymous_2)
FNDA:0,(anonymous_3)
DA:2,0
DA:3,0
DA:5,0
DA:6,0
DA:8,0
DA:12,0
DA:19,0
DA:26,0
DA:35,0
LF:9
LH:0
BRDA:11,0,0,0
BRDA:11,0,1,0
BRDA:18,1,0,0
BRDA:18,1,1,0
BRDA:25,2,0,0
BRDA:25,2,1,0
BRF:6
BRH:0
end_of_record
TN:
SF:src/components/TreeItem.tsx
FN:8,(anonymous_0)
FN:23,(anonymous_1)
FN:28,(anonymous_2)
FN:42,(anonymous_3)
FN:46,(anonymous_4)
FN:58,(anonymous_5)
FN:64,(anonymous_6)
FN:69,(anonymous_7)
FN:77,(anonymous_8)
FN:119,(anonymous_9)
FNF:10
FNH:0
FNDA:0,(anonymous_0)
FNDA:0,(anonymous_1)
FNDA:0,(anonymous_2)
FNDA:0,(anonymous_3)
FNDA:0,(anonymous_4)
FNDA:0,(anonymous_5)
FNDA:0,(anonymous_6)
FNDA:0,(anonymous_7)
FNDA:0,(anonymous_8)
FNDA:0,(anonymous_9)
DA:1,0
DA:6,0
DA:8,0
DA:15,0
DA:16,0
DA:18,0
DA:22,0
DA:24,0
DA:25,0
DA:26,0
DA:28,0
DA:29,0
DA:35,0
DA:41,0
DA:43,0
DA:44,0
DA:45,0
DA:46,0
DA:47,0
DA:53,0
DA:58,0
DA:59,0
DA:60,0
DA:64,0
DA:65,0
DA:66,0
DA:69,0
DA:70,0
DA:71,0
DA:72,0
DA:73,0
DA:77,0
DA:78,0
DA:79,0
DA:80,0
DA:81,0
DA:82,0
DA:87,0
DA:90,0
DA:92,0
DA:119,0
DA:149,0
LF:42
LH:0
BRDA:18,0,0,0
BRDA:18,0,1,0
BRDA:22,1,0,0
BRDA:22,1,1,0
BRDA:22,2,0,0
BRDA:22,2,1,0
BRDA:24,3,0,0
BRDA:24,3,1,0
BRDA:26,4,0,0
BRDA:26,5,0,0
BRDA:26,5,1,0
BRDA:30,6,0,0
BRDA:30,6,1,0
BRDA:41,7,0,0
BRDA:41,7,1,0
BRDA:41,8,0,0
BRDA:41,8,1,0
BRDA:42,9,0,0
BRDA:42,9,1,0
BRDA:43,10,0,0
BRDA:43,10,1,0
BRDA:45,11,0,0
BRDA:45,12,0,0
BRDA:45,12,1,0
BRDA:48,13,0,0
BRDA:48,13,1,0
BRDA:59,14,0,0
BRDA:70,15,0,0
BRDA:70,15,1,0
BRDA:72,16,0,0
BRDA:72,17,0,0
BRDA:72,17,1,0
BRDA:79,18,0,0
BRDA:79,18,1,0
BRDA:81,19,0,0
BRDA:87,20,0,0
BRDA:87,20,1,0
BRDA:87,21,0,0
BRDA:87,21,1,0
BRDA:90,22,0,0
BRDA:90,22,1,0
BRDA:94,23,0,0
BRDA:94,23,1,0
BRDA:95,24,0,0
BRDA:95,24,1,0
BRDA:100,25,0,0
BRDA:100,25,1,0
BRDA:102,26,0,0
BRDA:102,26,1,0
BRDA:104,27,0,0
BRDA:104,27,1,0
BRDA:110,28,0,0
BRDA:110,28,1,0
BRDA:115,29,0,0
BRDA:115,29,1,0
BRDA:124,30,0,0
BRDA:124,30,1,0
BRDA:129,31,0,0
BRDA:129,31,1,0
BRDA:129,31,2,0
BRDA:135,32,0,0
BRDA:135,32,1,0
BRDA:135,32,2,0
BRDA:137,33,0,0
BRDA:137,33,1,0
BRDA:141,34,0,0
BRDA:141,34,1,0
BRDA:141,34,2,0
BRF:68
BRH:0
end_of_record
TN:
SF:src/context/ThemeContext.tsx
FN:15,(anonymous_0)
FN:22,(anonymous_1)
FN:24,(anonymous_2)
FN:32,(anonymous_3)
FN:38,(anonymous_4)
FN:39,(anonymous_5)
FN:62,(anonymous_6)
FN:70,(anonymous_7)
FN:81,(anonymous_8)
FNF:9
FNH:0
FNDA:0,(anonymous_0)
FNDA:0,(anonymous_1)
FNDA:0,(anonymous_2)
FNDA:0,(anonymous_3)
FNDA:0,(anonymous_4)
FNDA:0,(anonymous_5)
FNDA:0,(anonymous_6)
FNDA:0,(anonymous_7)
FNDA:0,(anonymous_8)
DA:1,0
DA:12,0
DA:18,0
DA:22,0
DA:24,0
DA:25,0
DA:26,0
DA:29,0
DA:32,0
DA:33,0
DA:34,0
DA:38,0
DA:39,0
DA:40,0
DA:42,0
DA:43,0
DA:45,0
DA:50,0
DA:53,0
DA:54,0
DA:56,0
DA:60,0
DA:62,0
DA:63,0
DA:64,0
DA:68,0
DA:70,0
DA:73,0
DA:81,0
DA:82,0
DA:83,0
DA:84,0
DA:86,0
LF:33
LH:0
BRDA:26,0,0,0
BRDA:26,0,1,0
BRDA:26,1,0,0
BRDA:26,1,1,0
BRDA:42,2,0,0
BRDA:42,2,1,0
BRDA:53,3,0,0
BRDA:53,3,1,0
BRDA:54,4,0,0
BRDA:54,4,1,0
BRDA:63,5,0,0
BRDA:64,6,0,0
BRDA:64,6,1,0
BRDA:83,7,0,0
BRF:14
BRH:0
end_of_record
TN:
SF:src/examples/test-xml-parser.ts
FN:36,(anonymous_1)
FNF:1
FNH:0
FNDA:0,(anonymous_1)
DA:1,0
DA:2,0
DA:3,0
DA:11,0
DA:12,0
DA:15,0
DA:16,0
DA:18,0
DA:19,0
DA:20,0
DA:23,0
DA:26,0
DA:27,0
DA:30,0
DA:31,0
DA:32,0
DA:35,0
DA:36,0
DA:37,0
DA:38,0
DA:40,0
DA:41,0
DA:42,0
DA:46,0
LF:24
LH:0
BRDA:18,0,0,0
BRDA:40,1,0,0
BRF:2
BRH:0
end_of_record
TN:
SF:src/main/xmlUtils.ts
FN:17,parseXmlString
FN:84,applyFileChanges
FNF:2
FNH:0
FNDA:0,parseXmlString
FNDA:0,applyFileChanges
DA:1,0
DA:2,0
DA:3,0
DA:17,0
DA:18,0
DA:19,0
DA:20,0
DA:23,0
DA:24,0
DA:25,0
DA:26,0
DA:29,0
DA:30,0
DA:31,0
DA:32,0
DA:35,0
DA:37,0
DA:38,0
DA:41,0
DA:42,0
DA:45,0
DA:46,0
DA:47,0
DA:48,0
DA:50,0
DA:53,0
DA:54,0
DA:55,0
DA:56,0
DA:58,0
DA:61,0
DA:62,0
DA:64,0
DA:72,0
DA:74,0
DA:75,0
DA:84,0
DA:85,0
DA:87,0
DA:90,0
DA:91,0
DA:95,0
DA:98,0
DA:99,0
DA:103,0
DA:104,0
DA:105,0
DA:108,0
DA:110,0
DA:113,0
LF:50
LH:0
BRDA:24,0,0,0
BRDA:30,1,0,0
BRDA:30,2,0,0
BRDA:30,2,1,0
BRDA:42,3,0,0
BRDA:42,3,1,0
BRDA:42,4,0,0
BRDA:42,4,1,0
BRDA:46,5,0,0
BRDA:46,6,0,0
BRDA:46,6,1,0
BRDA:50,7,0,0
BRDA:50,7,1,0
BRDA:54,8,0,0
BRDA:54,9,0,0
BRDA:54,9,1,0
BRDA:58,10,0,0
BRDA:58,10,1,0
BRDA:62,11,0,0
BRDA:62,11,1,0
BRDA:62,12,0,0
BRDA:62,12,1,0
BRDA:87,13,0,0
BRDA:87,13,1,0
BRDA:87,13,2,0
BRDA:87,13,3,0
BRDA:90,14,0,0
BRF:27
BRH:0
end_of_record
TN:
SF:src/utils/pathUtils.ts
FN:10,basename
FN:32,dirname
FN:54,join
FN:57,(anonymous_3)
FN:67,extname
FN:81,getTopLevelDirectories
FN:85,(anonymous_6)
FN:105,getAllDirectories
FN:109,(anonymous_8)
FN:130,generateAsciiFileTree
FN:146,(anonymous_10)
FN:179,(anonymous_11)
FN:182,(anonymous_12)
FN:190,(anonymous_13)
FN:199,(anonymous_14)
FN:205,(anonymous_15)
FN:214,(anonymous_16)
FNF:17
FNH:0
FNDA:0,basename
FNDA:0,dirname
FNDA:0,join
FNDA:0,(anonymous_3)
FNDA:0,extname
FNDA:0,getTopLevelDirectories
FNDA:0,(anonymous_6)
FNDA:0,getAllDirectories
FNDA:0,(anonymous_8)
FNDA:0,generateAsciiFileTree
FNDA:0,(anonymous_10)
FNDA:0,(anonymous_11)
FNDA:0,(anonymous_12)
FNDA:0,(anonymous_13)
FNDA:0,(anonymous_14)
FNDA:0,(anonymous_15)
FNDA:0,(anonymous_16)
DA:10,0
DA:11,0
DA:14,0
DA:17,0
DA:19,0
DA:23,0
DA:24,0
DA:32,0
DA:33,0
DA:36,0
DA:39,0
DA:41,0
DA:45,0
DA:46,0
DA:54,0
DA:55,0
DA:57,0
DA:67,0
DA:68,0
DA:70,0
DA:71,0
DA:72,0
DA:81,0
DA:82,0
DA:83,0
DA:85,0
DA:86,0
DA:87,0
DA:88,0
DA:89,0
DA:90,0
DA:91,0
DA:96,0
DA:105,0
DA:106,0
DA:107,0
DA:109,0
DA:110,0
DA:111,0
DA:113,0
DA:114,0
DA:115,0
DA:116,0
DA:121,0
DA:130,0
DA:131,0
DA:134,0
DA:143,0
DA:146,0
DA:147,0
DA:148,0
DA:149,0
DA:151,0
DA:152,0
DA:154,0
DA:155,0
DA:157,0
DA:158,0
DA:159,0
DA:160,0
DA:162,0
DA:163,0
DA:168,0
DA:171,0
DA:174,0
DA:179,0
DA:182,0
DA:183,0
DA:184,0
DA:185,0
DA:186,0
DA:187,0
DA:188,0
DA:190,0
DA:192,0
DA:193,0
DA:195,0
DA:198,0
DA:200,0
DA:205,0
DA:207,0
DA:208,0
DA:210,0
DA:213,0
DA:215,0
DA:221,0
LF:86
LH:0
BRDA:11,0,0,0
BRDA:19,1,0,0
BRDA:19,1,1,0
BRDA:24,2,0,0
BRDA:24,2,1,0
BRDA:33,3,0,0
BRDA:41,4,0,0
BRDA:41,4,1,0
BRDA:46,5,0,0
BRDA:46,5,1,0
BRDA:68,6,0,0
BRDA:72,7,0,0
BRDA:72,7,1,0
BRDA:72,8,0,0
BRDA:72,8,1,0
BRDA:87,9,0,0
BRDA:90,10,0,0
BRDA:111,11,0,0
BRDA:114,12,0,0
BRDA:114,12,1,0
BRDA:131,13,0,0
BRDA:147,14,0,0
BRDA:149,15,0,0
BRDA:152,16,0,0
BRDA:160,17,0,0
BRDA:160,17,1,0
BRDA:162,18,0,0
BRDA:162,18,1,0
BRDA:168,19,0,0
BRDA:182,20,0,0
BRDA:182,21,0,0
BRDA:182,22,0,0
BRDA:183,23,0,0
BRDA:183,23,1,0
BRDA:185,24,0,0
BRDA:185,24,1,0
BRDA:188,25,0,0
BRDA:188,25,1,0
BRDA:192,26,0,0
BRDA:193,27,0,0
BRDA:193,27,1,0
BRDA:207,28,0,0
BRDA:208,29,0,0
BRDA:208,29,1,0
BRF:44
BRH:0
end_of_record
TN:
SF:src/utils/xmlParser.ts
FN:15,parseXmlChanges
FN:66,validateXmlChanges
FN:106,generateChangesSummary
FN:111,(anonymous_3)
FN:112,(anonymous_4)
FN:113,(anonymous_5)
FNF:6
FNH:6
FNDA:5,parseXmlChanges
FNDA:3,validateXmlChanges
FNDA:2,generateChangesSummary
FNDA:5,(anonymous_3)
FNDA:5,(anonymous_4)
FNDA:5,(anonymous_5)
DA:1,1
DA:15,1
DA:16,5
DA:17,5
DA:18,5
DA:20,5
DA:21,5
DA:23,5
DA:24,17
DA:27,17
DA:28,17
DA:31,17
DA:32,17
DA:35,17
DA:36,17
DA:40,17
DA:41,14
DA:42,14
DA:46,17
DA:54,5
DA:56,0
DA:57,0
DA:66,1
DA:67,3
DA:68,3
DA:71,3
DA:72,0
DA:76,3
DA:78,7
DA:79,1
DA:82,6
DA:83,0
DA:87,6
DA:88,1
DA:92,1
DA:94,0
DA:106,1
DA:107,2
DA:108,1
DA:111,5
DA:112,5
DA:113,5
DA:115,1
DA:122,1
LF:44
LH:39
BRDA:28,0,0,17
BRDA:28,0,1,0
BRDA:36,1,0,17
BRDA:36,1,1,1
BRDA:40,2,0,14
BRDA:42,3,0,14
BRDA:42,3,1,2
BRDA:57,4,0,0
BRDA:57,4,1,0
BRDA:71,5,0,0
BRDA:78,6,0,1
BRDA:82,7,0,0
BRDA:87,8,0,1
BRDA:87,9,0,6
BRDA:87,9,1,3
BRDA:87,9,2,5
BRDA:96,10,0,0
BRDA:96,10,1,0
BRDA:107,11,0,1
BRDA:117,12,0,1
BRDA:117,12,1,0
BRDA:117,13,0,1
BRDA:117,13,1,0
BRDA:118,14,0,1
BRDA:118,14,1,0
BRDA:118,15,0,1
BRDA:118,15,1,0
BRDA:119,16,0,1
BRDA:119,16,1,0
BRDA:119,17,0,0
BRDA:119,17,1,1
BRF:31
BRH:18
end_of_record
TN:
SF:src/utils/xmlTemplates.ts
FNF:0
FNH:0
DA:1,0
LF:1
LH:0
BRF:0
BRH:0
end_of_record
TN:
SF:src/utils/xmlUtils.ts
FN:9,parseXmlString
FN:77,formatOutputWithXmlInstructions
FN:82,(anonymous_2)
FNF:3
FNH:0
FNDA:0,parseXmlString
FNDA:0,formatOutputWithXmlInstructions
FNDA:0,(anonymous_2)
DA:1,0
DA:9,0
DA:10,0
DA:11,0
DA:12,0
DA:15,0
DA:16,0
DA:17,0
DA:18,0
DA:21,0
DA:22,0
DA:23,0
DA:24,0
DA:27,0
DA:29,0
DA:30,0
DA:33,0
DA:34,0
DA:37,0
DA:38,0
DA:39,0
DA:40,0
DA:42,0
DA:45,0
DA:46,0
DA:47,0
DA:48,0
DA:50,0
DA:53,0
DA:54,0
DA:56,0
DA:64,0
DA:66,0
DA:67,0
DA:77,0
DA:78,0
DA:79,0
DA:82,0
DA:83,0
DA:86,0
LF:40
LH:0
BRDA:16,0,0,0
BRDA:22,1,0,0
BRDA:22,2,0,0
BRDA:22,2,1,0
BRDA:34,3,0,0
BRDA:34,3,1,0
BRDA:34,4,0,0
BRDA:34,4,1,0
BRDA:38,5,0,0
BRDA:38,6,0,0
BRDA:38,6,1,0
BRDA:46,7,0,0
BRDA:46,8,0,0
BRDA:46,8,1,0
BRDA:50,9,0,0
BRDA:50,9,1,0
BRDA:54,10,0,0
BRDA:54,10,1,0
BRDA:54,11,0,0
BRDA:54,11,1,0
BRDA:78,12,0,0
BRDA:78,13,0,0
BRDA:78,13,1,0
BRF:23
BRH:0
end_of_record
